[0.034s] Invoking command in '/home/arjun7n9s/Downloads/AMD-S-2/ros2_temp/build/lng_terminal_world': CMAKE_PREFIX_PATH=${CMAKE_PREFIX_PATH}:/home/arjun7n9s/hb_ws/install/holo_batallion_ros:/opt/ros/humble /usr/bin/cmake --build /home/arjun7n9s/Downloads/AMD-S-2/ros2_temp/build/lng_terminal_world -- -j20 -l20
[0.165s] [35m[1mConsolidate compiler generated dependencies of target DroneAnimator[0m
[0.225s] [100%] Built target DroneAnimator
[0.259s] Invoked command in '/home/arjun7n9s/Downloads/AMD-S-2/ros2_temp/build/lng_terminal_world' returned '0': CMAKE_PREFIX_PATH=${CMAKE_PREFIX_PATH}:/home/arjun7n9s/hb_ws/install/holo_batallion_ros:/opt/ros/humble /usr/bin/cmake --build /home/arjun7n9s/Downloads/AMD-S-2/ros2_temp/build/lng_terminal_world -- -j20 -l20
[0.291s] Invoking command in '/home/arjun7n9s/Downloads/AMD-S-2/ros2_temp/build/lng_terminal_world': CMAKE_PREFIX_PATH=${CMAKE_PREFIX_PATH}:/home/arjun7n9s/hb_ws/install/holo_batallion_ros:/opt/ros/humble /usr/bin/cmake --install /home/arjun7n9s/Downloads/AMD-S-2/ros2_temp/build/lng_terminal_world
[0.310s] -- Install configuration: ""
[0.312s] -- Execute custom install script
[0.313s] -- Up-to-date symlink: /home/arjun7n9s/Downloads/AMD-S-2/ros2_temp/install/lng_terminal_world/lib/lng_terminal_world/libDroneAnimator.so
[0.314s] -- Up-to-date symlink: /home/arjun7n9s/Downloads/AMD-S-2/ros2_temp/install/lng_terminal_world/share/lng_terminal_world/worlds/lng_terminal.sdf
[0.314s] -- Up-to-date symlink: /home/arjun7n9s/Downloads/AMD-S-2/ros2_temp/install/lng_terminal_world/share/lng_terminal_world/worlds/lng_terminal.world
[0.315s] -- Up-to-date symlink: /home/arjun7n9s/Downloads/AMD-S-2/ros2_temp/install/lng_terminal_world/share/lng_terminal_world/launch/lng_terminal.launch.py
[0.315s] -- Up-to-date symlink: /home/arjun7n9s/Downloads/AMD-S-2/ros2_temp/install/lng_terminal_world/share/lng_terminal_world/materials/textures/flame.png
[0.316s] -- Up-to-date symlink: /home/arjun7n9s/Downloads/AMD-S-2/ros2_temp/install/lng_terminal_world/share/lng_terminal_world/materials/textures/smoke.png
[0.316s] -- Up-to-date symlink: /home/arjun7n9s/Downloads/AMD-S-2/ros2_temp/install/lng_terminal_world/lib/lng_terminal_world/frame_sampler.py
[0.316s] -- Up-to-date symlink: /home/arjun7n9s/Downloads/AMD-S-2/ros2_temp/install/lng_terminal_world/share/ament_index/resource_index/package_run_dependencies/lng_terminal_world
[0.317s] -- Up-to-date symlink: /home/arjun7n9s/Downloads/AMD-S-2/ros2_temp/install/lng_terminal_world/share/ament_index/resource_index/parent_prefix_path/lng_terminal_world
[0.317s] -- Up-to-date symlink: /home/arjun7n9s/Downloads/AMD-S-2/ros2_temp/install/lng_terminal_world/share/lng_terminal_world/environment/ament_prefix_path.sh
[0.318s] -- Up-to-date symlink: /home/arjun7n9s/Downloads/AMD-S-2/ros2_temp/install/lng_terminal_world/share/lng_terminal_world/environment/ament_prefix_path.dsv
[0.318s] -- Up-to-date symlink: /home/arjun7n9s/Downloads/AMD-S-2/ros2_temp/install/lng_terminal_world/share/lng_terminal_world/environment/path.sh
[0.318s] -- Up-to-date symlink: /home/arjun7n9s/Downloads/AMD-S-2/ros2_temp/install/lng_terminal_world/share/lng_terminal_world/environment/path.dsv
[0.319s] -- Up-to-date symlink: /home/arjun7n9s/Downloads/AMD-S-2/ros2_temp/install/lng_terminal_world/share/lng_terminal_world/local_setup.bash
[0.319s] -- Up-to-date symlink: /home/arjun7n9s/Downloads/AMD-S-2/ros2_temp/install/lng_terminal_world/share/lng_terminal_world/local_setup.sh
[0.319s] -- Up-to-date symlink: /home/arjun7n9s/Downloads/AMD-S-2/ros2_temp/install/lng_terminal_world/share/lng_terminal_world/local_setup.zsh
[0.320s] -- Up-to-date symlink: /home/arjun7n9s/Downloads/AMD-S-2/ros2_temp/install/lng_terminal_world/share/lng_terminal_world/local_setup.dsv
[0.320s] -- Symlinking: /home/arjun7n9s/Downloads/AMD-S-2/ros2_temp/install/lng_terminal_world/share/lng_terminal_world/package.dsv
[0.348s] -- Up-to-date symlink: /home/arjun7n9s/Downloads/AMD-S-2/ros2_temp/install/lng_terminal_world/share/ament_index/resource_index/packages/lng_terminal_world
[0.348s] -- Up-to-date symlink: /home/arjun7n9s/Downloads/AMD-S-2/ros2_temp/install/lng_terminal_world/share/lng_terminal_world/cmake/lng_terminal_worldConfig.cmake
[0.348s] -- Up-to-date symlink: /home/arjun7n9s/Downloads/AMD-S-2/ros2_temp/install/lng_terminal_world/share/lng_terminal_world/cmake/lng_terminal_worldConfig-version.cmake
[0.349s] -- Up-to-date symlink: /home/arjun7n9s/Downloads/AMD-S-2/ros2_temp/install/lng_terminal_world/share/lng_terminal_world/package.xml
[0.356s] Invoked command in '/home/arjun7n9s/Downloads/AMD-S-2/ros2_temp/build/lng_terminal_world' returned '0': CMAKE_PREFIX_PATH=${CMAKE_PREFIX_PATH}:/home/arjun7n9s/hb_ws/install/holo_batallion_ros:/opt/ros/humble /usr/bin/cmake --install /home/arjun7n9s/Downloads/AMD-S-2/ros2_temp/build/lng_terminal_world
