[0.334s] [34mcolcon[0m [1;30mDEBUG[0m [32mCommand line arguments: ['/usr/bin/colcon', 'build', '--symlink-install', '--packages-select', 'lng_terminal_world'][0m
[0.334s] [34mcolcon[0m [1;30mDEBUG[0m [32mParsed command line arguments: Namespace(log_base=None, log_level=None, verb_name='build', build_base='build', install_base='install', merge_install=False, symlink_install=True, test_result_base=None, continue_on_error=False, executor='parallel', parallel_workers=20, event_handlers=None, ignore_user_meta=False, metas=['./colcon.meta'], base_paths=['.'], packages_ignore=None, packages_ignore_regex=None, paths=None, packages_up_to=None, packages_up_to_regex=None, packages_above=None, packages_above_and_dependencies=None, packages_above_depth=None, packages_select_by_dep=None, packages_skip_by_dep=None, packages_skip_up_to=None, packages_select_build_failed=False, packages_skip_build_finished=False, packages_select_test_failures=False, packages_skip_test_passed=False, packages_select=['lng_terminal_world'], packages_skip=None, packages_select_regex=None, packages_skip_regex=None, packages_start=None, packages_end=None, allow_overriding=[], cmake_args=None, cmake_target=None, cmake_target_skip_unavailable=False, cmake_clean_cache=False, cmake_clean_first=False, cmake_force_configure=False, ament_cmake_args=None, catkin_cmake_args=None, catkin_skip_building_tests=False, verb_parser=<colcon_defaults.argument_parser.defaults.DefaultArgumentsDecorator object at 0x727a58807c10>, verb_extension=<colcon_core.verb.build.BuildVerb object at 0x727a58807610>, main=<bound method BuildVerb.main of <colcon_core.verb.build.BuildVerb object at 0x727a58807610>>)[0m
[0.830s] [34mcolcon.colcon_core.package_discovery[0m [1;30mLevel 1[0m discover_packages(colcon_meta) check parameters
[0.830s] [34mcolcon.colcon_core.package_discovery[0m [1;30mLevel 1[0m discover_packages(recursive) check parameters
[0.830s] [34mcolcon.colcon_core.package_discovery[0m [1;30mLevel 1[0m discover_packages(ignore) check parameters
[0.831s] [34mcolcon.colcon_core.package_discovery[0m [1;30mLevel 1[0m discover_packages(path) check parameters
[0.831s] [34mcolcon.colcon_core.package_discovery[0m [1;30mLevel 1[0m discover_packages(colcon_meta) discover
[0.831s] [34mcolcon.colcon_core.package_discovery[0m [1;30mLevel 1[0m discover_packages(recursive) discover
[0.831s] [34mcolcon.colcon_core.package_discovery[0m [1;30mINFO[0m Crawling recursively for packages in '/home/arjun7n9s/Downloads/AMD-S-2/ros2_temp'
[0.831s] [34mcolcon.colcon_core.package_identification[0m [1;30mLevel 1[0m _identify(.) by extensions ['ignore', 'ignore_ament_install']
[0.832s] [34mcolcon.colcon_core.package_identification[0m [1;30mLevel 1[0m _identify(.) by extension 'ignore'
[0.832s] [34mcolcon.colcon_core.package_identification[0m [1;30mLevel 1[0m _identify(.) by extension 'ignore_ament_install'
[0.832s] [34mcolcon.colcon_core.package_identification[0m [1;30mLevel 1[0m _identify(.) by extensions ['colcon_pkg']
[0.832s] [34mcolcon.colcon_core.package_identification[0m [1;30mLevel 1[0m _identify(.) by extension 'colcon_pkg'
[0.832s] [34mcolcon.colcon_core.package_identification[0m [1;30mLevel 1[0m _identify(.) by extensions ['colcon_meta']
[0.832s] [34mcolcon.colcon_core.package_identification[0m [1;30mLevel 1[0m _identify(.) by extension 'colcon_meta'
[0.832s] [34mcolcon.colcon_core.package_identification[0m [1;30mLevel 1[0m _identify(.) by extensions ['ros']
[0.832s] [34mcolcon.colcon_core.package_identification[0m [1;30mLevel 1[0m _identify(.) by extension 'ros'
[0.891s] [34mcolcon.colcon_core.package_identification[0m [1;30mLevel 1[0m _identify(.) by extensions ['cmake', 'python']
[0.892s] [34mcolcon.colcon_core.package_identification[0m [1;30mLevel 1[0m _identify(.) by extension 'cmake'
[0.892s] [34mcolcon.colcon_core.package_identification[0m [1;30mLevel 1[0m _identify(.) by extension 'python'
[0.892s] [34mcolcon.colcon_core.package_identification[0m [1;30mLevel 1[0m _identify(.) by extensions ['python_setup_py']
[0.892s] [34mcolcon.colcon_core.package_identification[0m [1;30mLevel 1[0m _identify(.) by extension 'python_setup_py'
[0.893s] [34mcolcon.colcon_core.package_identification[0m [1;30mLevel 1[0m _identify(build) by extensions ['ignore', 'ignore_ament_install']
[0.893s] [34mcolcon.colcon_core.package_identification[0m [1;30mLevel 1[0m _identify(build) by extension 'ignore'
[0.893s] [34mcolcon.colcon_core.package_identification[0m [1;30mLevel 1[0m _identify(build) ignored
[0.893s] [34mcolcon.colcon_core.package_identification[0m [1;30mLevel 1[0m _identify(evidence_bridge) by extensions ['ignore', 'ignore_ament_install']
[0.894s] [34mcolcon.colcon_core.package_identification[0m [1;30mLevel 1[0m _identify(evidence_bridge) by extension 'ignore'
[0.894s] [34mcolcon.colcon_core.package_identification[0m [1;30mLevel 1[0m _identify(evidence_bridge) by extension 'ignore_ament_install'
[0.894s] [34mcolcon.colcon_core.package_identification[0m [1;30mLevel 1[0m _identify(evidence_bridge) by extensions ['colcon_pkg']
[0.894s] [34mcolcon.colcon_core.package_identification[0m [1;30mLevel 1[0m _identify(evidence_bridge) by extension 'colcon_pkg'
[0.894s] [34mcolcon.colcon_core.package_identification[0m [1;30mLevel 1[0m _identify(evidence_bridge) by extensions ['colcon_meta']
[0.894s] [34mcolcon.colcon_core.package_identification[0m [1;30mLevel 1[0m _identify(evidence_bridge) by extension 'colcon_meta'
[0.894s] [34mcolcon.colcon_core.package_identification[0m [1;30mLevel 1[0m _identify(evidence_bridge) by extensions ['ros']
[0.894s] [34mcolcon.colcon_core.package_identification[0m [1;30mLevel 1[0m _identify(evidence_bridge) by extension 'ros'
[0.903s] [34mcolcon.colcon_core.package_identification[0m [1;30mDEBUG[0m [32mPackage 'evidence_bridge' with type 'ros.ament_python' and name 'evidence_bridge'[0m
[0.904s] [34mcolcon.colcon_core.package_identification[0m [1;30mLevel 1[0m _identify(install) by extensions ['ignore', 'ignore_ament_install']
[0.904s] [34mcolcon.colcon_core.package_identification[0m [1;30mLevel 1[0m _identify(install) by extension 'ignore'
[0.904s] [34mcolcon.colcon_core.package_identification[0m [1;30mLevel 1[0m _identify(install) ignored
[0.904s] [34mcolcon.colcon_core.package_identification[0m [1;30mLevel 1[0m _identify(lng_terminal_world) by extensions ['ignore', 'ignore_ament_install']
[0.905s] [34mcolcon.colcon_core.package_identification[0m [1;30mLevel 1[0m _identify(lng_terminal_world) by extension 'ignore'
[0.905s] [34mcolcon.colcon_core.package_identification[0m [1;30mLevel 1[0m _identify(lng_terminal_world) by extension 'ignore_ament_install'
[0.905s] [34mcolcon.colcon_core.package_identification[0m [1;30mLevel 1[0m _identify(lng_terminal_world) by extensions ['colcon_pkg']
[0.905s] [34mcolcon.colcon_core.package_identification[0m [1;30mLevel 1[0m _identify(lng_terminal_world) by extension 'colcon_pkg'
[0.905s] [34mcolcon.colcon_core.package_identification[0m [1;30mLevel 1[0m _identify(lng_terminal_world) by extensions ['colcon_meta']
[0.905s] [34mcolcon.colcon_core.package_identification[0m [1;30mLevel 1[0m _identify(lng_terminal_world) by extension 'colcon_meta'
[0.905s] [34mcolcon.colcon_core.package_identification[0m [1;30mLevel 1[0m _identify(lng_terminal_world) by extensions ['ros']
[0.905s] [34mcolcon.colcon_core.package_identification[0m [1;30mLevel 1[0m _identify(lng_terminal_world) by extension 'ros'
[0.907s] [34mcolcon.colcon_core.package_identification[0m [1;30mDEBUG[0m [32mPackage 'lng_terminal_world' with type 'ros.ament_cmake' and name 'lng_terminal_world'[0m
[0.908s] [34mcolcon.colcon_core.package_identification[0m [1;30mLevel 1[0m _identify(log) by extensions ['ignore', 'ignore_ament_install']
[0.908s] [34mcolcon.colcon_core.package_identification[0m [1;30mLevel 1[0m _identify(log) by extension 'ignore'
[0.908s] [34mcolcon.colcon_core.package_identification[0m [1;30mLevel 1[0m _identify(log) ignored
[0.908s] [34mcolcon.colcon_core.package_discovery[0m [1;30mLevel 1[0m discover_packages(recursive) using defaults
[0.909s] [34mcolcon.colcon_core.package_discovery[0m [1;30mLevel 1[0m discover_packages(ignore) discover
[0.909s] [34mcolcon.colcon_core.package_discovery[0m [1;30mLevel 1[0m discover_packages(ignore) using defaults
[0.909s] [34mcolcon.colcon_core.package_discovery[0m [1;30mLevel 1[0m discover_packages(path) discover
[0.909s] [34mcolcon.colcon_core.package_discovery[0m [1;30mLevel 1[0m discover_packages(path) using defaults
[0.958s] [34mcolcon.colcon_core.package_selection[0m [1;30mINFO[0m Skipping not selected package 'evidence_bridge' in 'evidence_bridge'
[0.959s] [34mcolcon.colcon_core.package_discovery[0m [1;30mLevel 1[0m discover_packages(prefix_path) check parameters
[0.959s] [34mcolcon.colcon_core.package_discovery[0m [1;30mLevel 1[0m discover_packages(prefix_path) discover
[0.964s] [34mcolcon.colcon_installed_package_information.package_discovery[0m [1;30mDEBUG[0m [32mFound 5 installed packages in /home/arjun7n9s/hb_ws/install[0m
[0.968s] [34mcolcon.colcon_installed_package_information.package_discovery[0m [1;30mDEBUG[0m [32mFound 313 installed packages in /opt/ros/humble[0m
[0.975s] [34mcolcon.colcon_core.package_discovery[0m [1;30mLevel 1[0m discover_packages(prefix_path) using defaults
[1.080s] [34mcolcon.colcon_core.verb[0m [1;30mLevel 5[0m set package 'lng_terminal_world' build argument 'cmake_args' from command line to 'None'
[1.080s] [34mcolcon.colcon_core.verb[0m [1;30mLevel 5[0m set package 'lng_terminal_world' build argument 'cmake_target' from command line to 'None'
[1.080s] [34mcolcon.colcon_core.verb[0m [1;30mLevel 5[0m set package 'lng_terminal_world' build argument 'cmake_target_skip_unavailable' from command line to 'False'
[1.081s] [34mcolcon.colcon_core.verb[0m [1;30mLevel 5[0m set package 'lng_terminal_world' build argument 'cmake_clean_cache' from command line to 'False'
[1.081s] [34mcolcon.colcon_core.verb[0m [1;30mLevel 5[0m set package 'lng_terminal_world' build argument 'cmake_clean_first' from command line to 'False'
[1.081s] [34mcolcon.colcon_core.verb[0m [1;30mLevel 5[0m set package 'lng_terminal_world' build argument 'cmake_force_configure' from command line to 'False'
[1.081s] [34mcolcon.colcon_core.verb[0m [1;30mLevel 5[0m set package 'lng_terminal_world' build argument 'ament_cmake_args' from command line to 'None'
[1.081s] [34mcolcon.colcon_core.verb[0m [1;30mLevel 5[0m set package 'lng_terminal_world' build argument 'catkin_cmake_args' from command line to 'None'
[1.081s] [34mcolcon.colcon_core.verb[0m [1;30mLevel 5[0m set package 'lng_terminal_world' build argument 'catkin_skip_building_tests' from command line to 'False'
[1.081s] [34mcolcon.colcon_core.verb[0m [1;30mDEBUG[0m [32mBuilding package 'lng_terminal_world' with the following arguments: {'ament_cmake_args': None, 'build_base': '/home/arjun7n9s/Downloads/AMD-S-2/ros2_temp/build/lng_terminal_world', 'catkin_cmake_args': None, 'catkin_skip_building_tests': False, 'cmake_args': None, 'cmake_clean_cache': False, 'cmake_clean_first': False, 'cmake_force_configure': False, 'cmake_target': None, 'cmake_target_skip_unavailable': False, 'install_base': '/home/arjun7n9s/Downloads/AMD-S-2/ros2_temp/install/lng_terminal_world', 'merge_install': False, 'path': '/home/arjun7n9s/Downloads/AMD-S-2/ros2_temp/lng_terminal_world', 'symlink_install': True, 'test_result_base': None}[0m
[1.082s] [34mcolcon.colcon_core.executor[0m [1;30mINFO[0m Executing jobs using 'parallel' executor
[1.085s] [34mcolcon.colcon_parallel_executor.executor.parallel[0m [1;30mDEBUG[0m [32mrun_until_complete[0m
[1.085s] [34mcolcon.colcon_ros.task.ament_cmake.build[0m [1;30mINFO[0m Building ROS package in '/home/arjun7n9s/Downloads/AMD-S-2/ros2_temp/lng_terminal_world' with build type 'ament_cmake'
[1.086s] [34mcolcon.colcon_cmake.task.cmake.build[0m [1;30mINFO[0m Building CMake package in '/home/arjun7n9s/Downloads/AMD-S-2/ros2_temp/lng_terminal_world'
[1.092s] [34mcolcon.colcon_core.plugin_system[0m [1;30mINFO[0m Skipping extension 'colcon_core.shell.bat': Not used on non-Windows systems
[1.093s] [34mcolcon.colcon_core.shell[0m [1;30mINFO[0m Skip shell extension 'powershell' for command environment: Not usable outside of PowerShell
[1.093s] [34mcolcon.colcon_core.shell[0m [1;30mDEBUG[0m [32mSkip shell extension 'dsv' for command environment[0m
[1.123s] [34mcolcon.colcon_core.event_handler.log_command[0m [1;30mDEBUG[0m [32mInvoking command in '/home/arjun7n9s/Downloads/AMD-S-2/ros2_temp/build/lng_terminal_world': CMAKE_PREFIX_PATH=${CMAKE_PREFIX_PATH}:/home/arjun7n9s/hb_ws/install/holo_batallion_ros:/opt/ros/humble /usr/bin/cmake --build /home/arjun7n9s/Downloads/AMD-S-2/ros2_temp/build/lng_terminal_world -- -j20 -l20[0m
[1.348s] [34mcolcon.colcon_core.event_handler.log_command[0m [1;30mDEBUG[0m [32mInvoked command in '/home/arjun7n9s/Downloads/AMD-S-2/ros2_temp/build/lng_terminal_world' returned '0': CMAKE_PREFIX_PATH=${CMAKE_PREFIX_PATH}:/home/arjun7n9s/hb_ws/install/holo_batallion_ros:/opt/ros/humble /usr/bin/cmake --build /home/arjun7n9s/Downloads/AMD-S-2/ros2_temp/build/lng_terminal_world -- -j20 -l20[0m
[1.379s] [34mcolcon.colcon_core.event_handler.log_command[0m [1;30mDEBUG[0m [32mInvoking command in '/home/arjun7n9s/Downloads/AMD-S-2/ros2_temp/build/lng_terminal_world': CMAKE_PREFIX_PATH=${CMAKE_PREFIX_PATH}:/home/arjun7n9s/hb_ws/install/holo_batallion_ros:/opt/ros/humble /usr/bin/cmake --install /home/arjun7n9s/Downloads/AMD-S-2/ros2_temp/build/lng_terminal_world[0m
[1.442s] [34mcolcon.colcon_core.environment[0m [1;30mLevel 1[0m create_environment_scripts_only(lng_terminal_world)
[1.444s] [34mcolcon.colcon_core.event_handler.log_command[0m [1;30mDEBUG[0m [32mInvoked command in '/home/arjun7n9s/Downloads/AMD-S-2/ros2_temp/build/lng_terminal_world' returned '0': CMAKE_PREFIX_PATH=${CMAKE_PREFIX_PATH}:/home/arjun7n9s/hb_ws/install/holo_batallion_ros:/opt/ros/humble /usr/bin/cmake --install /home/arjun7n9s/Downloads/AMD-S-2/ros2_temp/build/lng_terminal_world[0m
[1.450s] [34mcolcon.colcon_core.environment[0m [1;30mLevel 1[0m checking '/home/arjun7n9s/Downloads/AMD-S-2/ros2_temp/install/lng_terminal_world' for CMake module files
[1.451s] [34mcolcon.colcon_core.environment[0m [1;30mLevel 1[0m checking '/home/arjun7n9s/Downloads/AMD-S-2/ros2_temp/install/lng_terminal_world' for CMake config files
[1.452s] [34mcolcon.colcon_core.shell[0m [1;30mLevel 1[0m create_environment_hook('lng_terminal_world', 'cmake_prefix_path')
[1.453s] [34mcolcon.colcon_core.shell[0m [1;30mINFO[0m Creating environment hook '/home/arjun7n9s/Downloads/AMD-S-2/ros2_temp/install/lng_terminal_world/share/lng_terminal_world/hook/cmake_prefix_path.ps1'
[1.455s] [34mcolcon.colcon_core.shell[0m [1;30mINFO[0m Creating environment descriptor '/home/arjun7n9s/Downloads/AMD-S-2/ros2_temp/install/lng_terminal_world/share/lng_terminal_world/hook/cmake_prefix_path.dsv'
[1.456s] [34mcolcon.colcon_core.shell[0m [1;30mINFO[0m Creating environment hook '/home/arjun7n9s/Downloads/AMD-S-2/ros2_temp/install/lng_terminal_world/share/lng_terminal_world/hook/cmake_prefix_path.sh'
[1.459s] [34mcolcon.colcon_core.environment[0m [1;30mLevel 1[0m checking '/home/arjun7n9s/Downloads/AMD-S-2/ros2_temp/install/lng_terminal_world/lib'
[1.460s] [34mcolcon.colcon_core.environment[0m [1;30mLevel 1[0m checking '/home/arjun7n9s/Downloads/AMD-S-2/ros2_temp/install/lng_terminal_world/bin'
[1.461s] [34mcolcon.colcon_core.environment[0m [1;30mLevel 1[0m checking '/home/arjun7n9s/Downloads/AMD-S-2/ros2_temp/install/lng_terminal_world/lib/pkgconfig/lng_terminal_world.pc'
[1.461s] [34mcolcon.colcon_core.environment[0m [1;30mLevel 1[0m checking '/home/arjun7n9s/Downloads/AMD-S-2/ros2_temp/install/lng_terminal_world/lib/python3.10/site-packages'
[1.462s] [34mcolcon.colcon_core.environment[0m [1;30mLevel 1[0m checking '/home/arjun7n9s/Downloads/AMD-S-2/ros2_temp/install/lng_terminal_world/bin'
[1.463s] [34mcolcon.colcon_core.shell[0m [1;30mINFO[0m Creating package script '/home/arjun7n9s/Downloads/AMD-S-2/ros2_temp/install/lng_terminal_world/share/lng_terminal_world/package.ps1'
[1.466s] [34mcolcon.colcon_core.shell[0m [1;30mINFO[0m Creating package descriptor '/home/arjun7n9s/Downloads/AMD-S-2/ros2_temp/install/lng_terminal_world/share/lng_terminal_world/package.dsv'
[1.468s] [34mcolcon.colcon_core.shell[0m [1;30mINFO[0m Creating package script '/home/arjun7n9s/Downloads/AMD-S-2/ros2_temp/install/lng_terminal_world/share/lng_terminal_world/package.sh'
[1.470s] [34mcolcon.colcon_core.shell[0m [1;30mINFO[0m Creating package script '/home/arjun7n9s/Downloads/AMD-S-2/ros2_temp/install/lng_terminal_world/share/lng_terminal_world/package.bash'
[1.472s] [34mcolcon.colcon_core.shell[0m [1;30mINFO[0m Creating package script '/home/arjun7n9s/Downloads/AMD-S-2/ros2_temp/install/lng_terminal_world/share/lng_terminal_world/package.zsh'
[1.474s] [34mcolcon.colcon_core.environment[0m [1;30mLevel 1[0m create_file_with_runtime_dependencies(/home/arjun7n9s/Downloads/AMD-S-2/ros2_temp/install/lng_terminal_world/share/colcon-core/packages/lng_terminal_world)
[1.475s] [34mcolcon.colcon_core.environment[0m [1;30mLevel 1[0m create_environment_scripts_only(lng_terminal_world)
[1.476s] [34mcolcon.colcon_core.environment[0m [1;30mLevel 1[0m checking '/home/arjun7n9s/Downloads/AMD-S-2/ros2_temp/install/lng_terminal_world' for CMake module files
[1.477s] [34mcolcon.colcon_core.environment[0m [1;30mLevel 1[0m checking '/home/arjun7n9s/Downloads/AMD-S-2/ros2_temp/install/lng_terminal_world' for CMake config files
[1.478s] [34mcolcon.colcon_core.shell[0m [1;30mLevel 1[0m create_environment_hook('lng_terminal_world', 'cmake_prefix_path')
[1.479s] [34mcolcon.colcon_core.shell[0m [1;30mINFO[0m Creating environment hook '/home/arjun7n9s/Downloads/AMD-S-2/ros2_temp/install/lng_terminal_world/share/lng_terminal_world/hook/cmake_prefix_path.ps1'
[1.480s] [34mcolcon.colcon_core.shell[0m [1;30mINFO[0m Creating environment descriptor '/home/arjun7n9s/Downloads/AMD-S-2/ros2_temp/install/lng_terminal_world/share/lng_terminal_world/hook/cmake_prefix_path.dsv'
[1.481s] [34mcolcon.colcon_core.shell[0m [1;30mINFO[0m Creating environment hook '/home/arjun7n9s/Downloads/AMD-S-2/ros2_temp/install/lng_terminal_world/share/lng_terminal_world/hook/cmake_prefix_path.sh'
[1.483s] [34mcolcon.colcon_core.environment[0m [1;30mLevel 1[0m checking '/home/arjun7n9s/Downloads/AMD-S-2/ros2_temp/install/lng_terminal_world/lib'
[1.483s] [34mcolcon.colcon_core.environment[0m [1;30mLevel 1[0m checking '/home/arjun7n9s/Downloads/AMD-S-2/ros2_temp/install/lng_terminal_world/bin'
[1.483s] [34mcolcon.colcon_core.environment[0m [1;30mLevel 1[0m checking '/home/arjun7n9s/Downloads/AMD-S-2/ros2_temp/install/lng_terminal_world/lib/pkgconfig/lng_terminal_world.pc'
[1.484s] [34mcolcon.colcon_core.environment[0m [1;30mLevel 1[0m checking '/home/arjun7n9s/Downloads/AMD-S-2/ros2_temp/install/lng_terminal_world/lib/python3.10/site-packages'
[1.485s] [34mcolcon.colcon_core.environment[0m [1;30mLevel 1[0m checking '/home/arjun7n9s/Downloads/AMD-S-2/ros2_temp/install/lng_terminal_world/bin'
[1.486s] [34mcolcon.colcon_core.shell[0m [1;30mINFO[0m Creating package script '/home/arjun7n9s/Downloads/AMD-S-2/ros2_temp/install/lng_terminal_world/share/lng_terminal_world/package.ps1'
[1.488s] [34mcolcon.colcon_core.shell[0m [1;30mINFO[0m Creating package descriptor '/home/arjun7n9s/Downloads/AMD-S-2/ros2_temp/install/lng_terminal_world/share/lng_terminal_world/package.dsv'
[1.490s] [34mcolcon.colcon_core.shell[0m [1;30mINFO[0m Creating package script '/home/arjun7n9s/Downloads/AMD-S-2/ros2_temp/install/lng_terminal_world/share/lng_terminal_world/package.sh'
[1.491s] [34mcolcon.colcon_core.shell[0m [1;30mINFO[0m Creating package script '/home/arjun7n9s/Downloads/AMD-S-2/ros2_temp/install/lng_terminal_world/share/lng_terminal_world/package.bash'
[1.492s] [34mcolcon.colcon_core.shell[0m [1;30mINFO[0m Creating package script '/home/arjun7n9s/Downloads/AMD-S-2/ros2_temp/install/lng_terminal_world/share/lng_terminal_world/package.zsh'
[1.493s] [34mcolcon.colcon_core.environment[0m [1;30mLevel 1[0m create_file_with_runtime_dependencies(/home/arjun7n9s/Downloads/AMD-S-2/ros2_temp/install/lng_terminal_world/share/colcon-core/packages/lng_terminal_world)
[1.494s] [34mcolcon.colcon_parallel_executor.executor.parallel[0m [1;30mDEBUG[0m [32mclosing loop[0m
[1.494s] [34mcolcon.colcon_parallel_executor.executor.parallel[0m [1;30mDEBUG[0m [32mloop closed[0m
[1.495s] [34mcolcon.colcon_parallel_executor.executor.parallel[0m [1;30mDEBUG[0m [32mrun_until_complete finished with '0'[0m
[1.495s] [34mcolcon.colcon_core.event_reactor[0m [1;30mDEBUG[0m [32mjoining thread[0m
[1.516s] [34mcolcon.colcon_core.plugin_system[0m [1;30mINFO[0m Skipping extension 'colcon_notification.desktop_notification.terminal_notifier': Not used on non-Darwin systems
[1.517s] [34mcolcon.colcon_core.plugin_system[0m [1;30mINFO[0m Skipping extension 'colcon_notification.desktop_notification.win32': Not used on non-Windows systems
[1.517s] [34mcolcon.colcon_notification.desktop_notification[0m [1;30mINFO[0m Sending desktop notification using 'notify2'
[1.567s] [34mcolcon.colcon_core.event_reactor[0m [1;30mDEBUG[0m [32mjoined thread[0m
[1.568s] [34mcolcon.colcon_core.shell[0m [1;30mINFO[0m Creating prefix script '/home/arjun7n9s/Downloads/AMD-S-2/ros2_temp/install/local_setup.ps1'
[1.572s] [34mcolcon.colcon_core.shell[0m [1;30mINFO[0m Creating prefix util module '/home/arjun7n9s/Downloads/AMD-S-2/ros2_temp/install/_local_setup_util_ps1.py'
[1.576s] [34mcolcon.colcon_core.shell[0m [1;30mINFO[0m Creating prefix chain script '/home/arjun7n9s/Downloads/AMD-S-2/ros2_temp/install/setup.ps1'
[1.579s] [34mcolcon.colcon_core.shell[0m [1;30mINFO[0m Creating prefix script '/home/arjun7n9s/Downloads/AMD-S-2/ros2_temp/install/local_setup.sh'
[1.580s] [34mcolcon.colcon_core.shell[0m [1;30mINFO[0m Creating prefix util module '/home/arjun7n9s/Downloads/AMD-S-2/ros2_temp/install/_local_setup_util_sh.py'
[1.582s] [34mcolcon.colcon_core.shell[0m [1;30mINFO[0m Creating prefix chain script '/home/arjun7n9s/Downloads/AMD-S-2/ros2_temp/install/setup.sh'
[1.585s] [34mcolcon.colcon_core.shell[0m [1;30mINFO[0m Creating prefix script '/home/arjun7n9s/Downloads/AMD-S-2/ros2_temp/install/local_setup.bash'
[1.586s] [34mcolcon.colcon_core.shell[0m [1;30mINFO[0m Creating prefix chain script '/home/arjun7n9s/Downloads/AMD-S-2/ros2_temp/install/setup.bash'
[1.589s] [34mcolcon.colcon_core.shell[0m [1;30mINFO[0m Creating prefix script '/home/arjun7n9s/Downloads/AMD-S-2/ros2_temp/install/local_setup.zsh'
[1.592s] [34mcolcon.colcon_core.shell[0m [1;30mINFO[0m Creating prefix chain script '/home/arjun7n9s/Downloads/AMD-S-2/ros2_temp/install/setup.zsh'
