[0.530s] [34mcolcon[0m [1;30mDEBUG[0m [32mCommand line arguments: ['/usr/bin/colcon', 'build', '--symlink-install'][0m
[0.530s] [34mcolcon[0m [1;30mDEBUG[0m [32mParsed command line arguments: Namespace(log_base=None, log_level=None, verb_name='build', build_base='build', install_base='install', merge_install=False, symlink_install=True, test_result_base=None, continue_on_error=False, executor='parallel', parallel_workers=20, event_handlers=None, ignore_user_meta=False, metas=['./colcon.meta'], base_paths=['.'], packages_ignore=None, packages_ignore_regex=None, paths=None, packages_up_to=None, packages_up_to_regex=None, packages_above=None, packages_above_and_dependencies=None, packages_above_depth=None, packages_select_by_dep=None, packages_skip_by_dep=None, packages_skip_up_to=None, packages_select_build_failed=False, packages_skip_build_finished=False, packages_select_test_failures=False, packages_skip_test_passed=False, packages_select=None, packages_skip=None, packages_select_regex=None, packages_skip_regex=None, packages_start=None, packages_end=None, allow_overriding=[], cmake_args=None, cmake_target=None, cmake_target_skip_unavailable=False, cmake_clean_cache=False, cmake_clean_first=False, cmake_force_configure=False, ament_cmake_args=None, catkin_cmake_args=None, catkin_skip_building_tests=False, verb_parser=<colcon_defaults.argument_parser.defaults.DefaultArgumentsDecorator object at 0x7e65b66bbaf0>, verb_extension=<colcon_core.verb.build.BuildVerb object at 0x7e65b66bb4f0>, main=<bound method BuildVerb.main of <colcon_core.verb.build.BuildVerb object at 0x7e65b66bb4f0>>)[0m
[1.142s] [34mcolcon.colcon_core.package_discovery[0m [1;30mLevel 1[0m discover_packages(colcon_meta) check parameters
[1.143s] [34mcolcon.colcon_core.package_discovery[0m [1;30mLevel 1[0m discover_packages(recursive) check parameters
[1.143s] [34mcolcon.colcon_core.package_discovery[0m [1;30mLevel 1[0m discover_packages(ignore) check parameters
[1.143s] [34mcolcon.colcon_core.package_discovery[0m [1;30mLevel 1[0m discover_packages(path) check parameters
[1.143s] [34mcolcon.colcon_core.package_discovery[0m [1;30mLevel 1[0m discover_packages(colcon_meta) discover
[1.143s] [34mcolcon.colcon_core.package_discovery[0m [1;30mLevel 1[0m discover_packages(recursive) discover
[1.143s] [34mcolcon.colcon_core.package_discovery[0m [1;30mINFO[0m Crawling recursively for packages in '/home/arjun7n9s/Downloads/AMD-S-2/ros2_temp'
[1.144s] [34mcolcon.colcon_core.package_identification[0m [1;30mLevel 1[0m _identify(.) by extensions ['ignore', 'ignore_ament_install']
[1.144s] [34mcolcon.colcon_core.package_identification[0m [1;30mLevel 1[0m _identify(.) by extension 'ignore'
[1.144s] [34mcolcon.colcon_core.package_identification[0m [1;30mLevel 1[0m _identify(.) by extension 'ignore_ament_install'
[1.144s] [34mcolcon.colcon_core.package_identification[0m [1;30mLevel 1[0m _identify(.) by extensions ['colcon_pkg']
[1.144s] [34mcolcon.colcon_core.package_identification[0m [1;30mLevel 1[0m _identify(.) by extension 'colcon_pkg'
[1.144s] [34mcolcon.colcon_core.package_identification[0m [1;30mLevel 1[0m _identify(.) by extensions ['colcon_meta']
[1.145s] [34mcolcon.colcon_core.package_identification[0m [1;30mLevel 1[0m _identify(.) by extension 'colcon_meta'
[1.145s] [34mcolcon.colcon_core.package_identification[0m [1;30mLevel 1[0m _identify(.) by extensions ['ros']
[1.145s] [34mcolcon.colcon_core.package_identification[0m [1;30mLevel 1[0m _identify(.) by extension 'ros'
[1.208s] [34mcolcon.colcon_core.package_identification[0m [1;30mLevel 1[0m _identify(.) by extensions ['cmake', 'python']
[1.208s] [34mcolcon.colcon_core.package_identification[0m [1;30mLevel 1[0m _identify(.) by extension 'cmake'
[1.208s] [34mcolcon.colcon_core.package_identification[0m [1;30mLevel 1[0m _identify(.) by extension 'python'
[1.208s] [34mcolcon.colcon_core.package_identification[0m [1;30mLevel 1[0m _identify(.) by extensions ['python_setup_py']
[1.209s] [34mcolcon.colcon_core.package_identification[0m [1;30mLevel 1[0m _identify(.) by extension 'python_setup_py'
[1.209s] [34mcolcon.colcon_core.package_identification[0m [1;30mLevel 1[0m _identify(build) by extensions ['ignore', 'ignore_ament_install']
[1.209s] [34mcolcon.colcon_core.package_identification[0m [1;30mLevel 1[0m _identify(build) by extension 'ignore'
[1.209s] [34mcolcon.colcon_core.package_identification[0m [1;30mLevel 1[0m _identify(build) ignored
[1.210s] [34mcolcon.colcon_core.package_identification[0m [1;30mLevel 1[0m _identify(evidence_bridge) by extensions ['ignore', 'ignore_ament_install']
[1.210s] [34mcolcon.colcon_core.package_identification[0m [1;30mLevel 1[0m _identify(evidence_bridge) by extension 'ignore'
[1.210s] [34mcolcon.colcon_core.package_identification[0m [1;30mLevel 1[0m _identify(evidence_bridge) by extension 'ignore_ament_install'
[1.210s] [34mcolcon.colcon_core.package_identification[0m [1;30mLevel 1[0m _identify(evidence_bridge) by extensions ['colcon_pkg']
[1.210s] [34mcolcon.colcon_core.package_identification[0m [1;30mLevel 1[0m _identify(evidence_bridge) by extension 'colcon_pkg'
[1.210s] [34mcolcon.colcon_core.package_identification[0m [1;30mLevel 1[0m _identify(evidence_bridge) by extensions ['colcon_meta']
[1.211s] [34mcolcon.colcon_core.package_identification[0m [1;30mLevel 1[0m _identify(evidence_bridge) by extension 'colcon_meta'
[1.211s] [34mcolcon.colcon_core.package_identification[0m [1;30mLevel 1[0m _identify(evidence_bridge) by extensions ['ros']
[1.211s] [34mcolcon.colcon_core.package_identification[0m [1;30mLevel 1[0m _identify(evidence_bridge) by extension 'ros'
[1.289s] [34mcolcon.colcon_core.package_identification[0m [1;30mDEBUG[0m [32mPackage 'evidence_bridge' with type 'ros.ament_python' and name 'evidence_bridge'[0m
[1.290s] [34mcolcon.colcon_core.package_identification[0m [1;30mLevel 1[0m _identify(install) by extensions ['ignore', 'ignore_ament_install']
[1.290s] [34mcolcon.colcon_core.package_identification[0m [1;30mLevel 1[0m _identify(install) by extension 'ignore'
[1.290s] [34mcolcon.colcon_core.package_identification[0m [1;30mLevel 1[0m _identify(install) ignored
[1.291s] [34mcolcon.colcon_core.package_identification[0m [1;30mLevel 1[0m _identify(lng_terminal_world) by extensions ['ignore', 'ignore_ament_install']
[1.291s] [34mcolcon.colcon_core.package_identification[0m [1;30mLevel 1[0m _identify(lng_terminal_world) by extension 'ignore'
[1.291s] [34mcolcon.colcon_core.package_identification[0m [1;30mLevel 1[0m _identify(lng_terminal_world) by extension 'ignore_ament_install'
[1.291s] [34mcolcon.colcon_core.package_identification[0m [1;30mLevel 1[0m _identify(lng_terminal_world) by extensions ['colcon_pkg']
[1.291s] [34mcolcon.colcon_core.package_identification[0m [1;30mLevel 1[0m _identify(lng_terminal_world) by extension 'colcon_pkg'
[1.291s] [34mcolcon.colcon_core.package_identification[0m [1;30mLevel 1[0m _identify(lng_terminal_world) by extensions ['colcon_meta']
[1.291s] [34mcolcon.colcon_core.package_identification[0m [1;30mLevel 1[0m _identify(lng_terminal_world) by extension 'colcon_meta'
[1.292s] [34mcolcon.colcon_core.package_identification[0m [1;30mLevel 1[0m _identify(lng_terminal_world) by extensions ['ros']
[1.292s] [34mcolcon.colcon_core.package_identification[0m [1;30mLevel 1[0m _identify(lng_terminal_world) by extension 'ros'
[1.293s] [34mcolcon.colcon_core.package_identification[0m [1;30mDEBUG[0m [32mPackage 'lng_terminal_world' with type 'ros.ament_cmake' and name 'lng_terminal_world'[0m
[1.294s] [34mcolcon.colcon_core.package_identification[0m [1;30mLevel 1[0m _identify(log) by extensions ['ignore', 'ignore_ament_install']
[1.294s] [34mcolcon.colcon_core.package_identification[0m [1;30mLevel 1[0m _identify(log) by extension 'ignore'
[1.294s] [34mcolcon.colcon_core.package_identification[0m [1;30mLevel 1[0m _identify(log) ignored
[1.294s] [34mcolcon.colcon_core.package_discovery[0m [1;30mLevel 1[0m discover_packages(recursive) using defaults
[1.295s] [34mcolcon.colcon_core.package_discovery[0m [1;30mLevel 1[0m discover_packages(ignore) discover
[1.295s] [34mcolcon.colcon_core.package_discovery[0m [1;30mLevel 1[0m discover_packages(ignore) using defaults
[1.295s] [34mcolcon.colcon_core.package_discovery[0m [1;30mLevel 1[0m discover_packages(path) discover
[1.295s] [34mcolcon.colcon_core.package_discovery[0m [1;30mLevel 1[0m discover_packages(path) using defaults
[1.352s] [34mcolcon.colcon_core.package_discovery[0m [1;30mLevel 1[0m discover_packages(prefix_path) check parameters
[1.353s] [34mcolcon.colcon_core.package_discovery[0m [1;30mLevel 1[0m discover_packages(prefix_path) discover
[1.361s] [34mcolcon.colcon_installed_package_information.package_discovery[0m [1;30mDEBUG[0m [32mFound 5 installed packages in /home/arjun7n9s/hb_ws/install[0m
[1.365s] [34mcolcon.colcon_installed_package_information.package_discovery[0m [1;30mDEBUG[0m [32mFound 313 installed packages in /opt/ros/humble[0m
[1.372s] [34mcolcon.colcon_core.package_discovery[0m [1;30mLevel 1[0m discover_packages(prefix_path) using defaults
[1.483s] [34mcolcon.colcon_core.verb[0m [1;30mLevel 5[0m set package 'evidence_bridge' build argument 'cmake_args' from command line to 'None'
[1.483s] [34mcolcon.colcon_core.verb[0m [1;30mLevel 5[0m set package 'evidence_bridge' build argument 'cmake_target' from command line to 'None'
[1.483s] [34mcolcon.colcon_core.verb[0m [1;30mLevel 5[0m set package 'evidence_bridge' build argument 'cmake_target_skip_unavailable' from command line to 'False'
[1.483s] [34mcolcon.colcon_core.verb[0m [1;30mLevel 5[0m set package 'evidence_bridge' build argument 'cmake_clean_cache' from command line to 'False'
[1.483s] [34mcolcon.colcon_core.verb[0m [1;30mLevel 5[0m set package 'evidence_bridge' build argument 'cmake_clean_first' from command line to 'False'
[1.483s] [34mcolcon.colcon_core.verb[0m [1;30mLevel 5[0m set package 'evidence_bridge' build argument 'cmake_force_configure' from command line to 'False'
[1.483s] [34mcolcon.colcon_core.verb[0m [1;30mLevel 5[0m set package 'evidence_bridge' build argument 'ament_cmake_args' from command line to 'None'
[1.484s] [34mcolcon.colcon_core.verb[0m [1;30mLevel 5[0m set package 'evidence_bridge' build argument 'catkin_cmake_args' from command line to 'None'
[1.484s] [34mcolcon.colcon_core.verb[0m [1;30mLevel 5[0m set package 'evidence_bridge' build argument 'catkin_skip_building_tests' from command line to 'False'
[1.484s] [34mcolcon.colcon_core.verb[0m [1;30mDEBUG[0m [32mBuilding package 'evidence_bridge' with the following arguments: {'ament_cmake_args': None, 'build_base': '/home/arjun7n9s/Downloads/AMD-S-2/ros2_temp/build/evidence_bridge', 'catkin_cmake_args': None, 'catkin_skip_building_tests': False, 'cmake_args': None, 'cmake_clean_cache': False, 'cmake_clean_first': False, 'cmake_force_configure': False, 'cmake_target': None, 'cmake_target_skip_unavailable': False, 'install_base': '/home/arjun7n9s/Downloads/AMD-S-2/ros2_temp/install/evidence_bridge', 'merge_install': False, 'path': '/home/arjun7n9s/Downloads/AMD-S-2/ros2_temp/evidence_bridge', 'symlink_install': True, 'test_result_base': None}[0m
[1.485s] [34mcolcon.colcon_core.verb[0m [1;30mLevel 5[0m set package 'lng_terminal_world' build argument 'cmake_args' from command line to 'None'
[1.485s] [34mcolcon.colcon_core.verb[0m [1;30mLevel 5[0m set package 'lng_terminal_world' build argument 'cmake_target' from command line to 'None'
[1.485s] [34mcolcon.colcon_core.verb[0m [1;30mLevel 5[0m set package 'lng_terminal_world' build argument 'cmake_target_skip_unavailable' from command line to 'False'
[1.485s] [34mcolcon.colcon_core.verb[0m [1;30mLevel 5[0m set package 'lng_terminal_world' build argument 'cmake_clean_cache' from command line to 'False'
[1.485s] [34mcolcon.colcon_core.verb[0m [1;30mLevel 5[0m set package 'lng_terminal_world' build argument 'cmake_clean_first' from command line to 'False'
[1.485s] [34mcolcon.colcon_core.verb[0m [1;30mLevel 5[0m set package 'lng_terminal_world' build argument 'cmake_force_configure' from command line to 'False'
[1.485s] [34mcolcon.colcon_core.verb[0m [1;30mLevel 5[0m set package 'lng_terminal_world' build argument 'ament_cmake_args' from command line to 'None'
[1.485s] [34mcolcon.colcon_core.verb[0m [1;30mLevel 5[0m set package 'lng_terminal_world' build argument 'catkin_cmake_args' from command line to 'None'
[1.485s] [34mcolcon.colcon_core.verb[0m [1;30mLevel 5[0m set package 'lng_terminal_world' build argument 'catkin_skip_building_tests' from command line to 'False'
[1.486s] [34mcolcon.colcon_core.verb[0m [1;30mDEBUG[0m [32mBuilding package 'lng_terminal_world' with the following arguments: {'ament_cmake_args': None, 'build_base': '/home/arjun7n9s/Downloads/AMD-S-2/ros2_temp/build/lng_terminal_world', 'catkin_cmake_args': None, 'catkin_skip_building_tests': False, 'cmake_args': None, 'cmake_clean_cache': False, 'cmake_clean_first': False, 'cmake_force_configure': False, 'cmake_target': None, 'cmake_target_skip_unavailable': False, 'install_base': '/home/arjun7n9s/Downloads/AMD-S-2/ros2_temp/install/lng_terminal_world', 'merge_install': False, 'path': '/home/arjun7n9s/Downloads/AMD-S-2/ros2_temp/lng_terminal_world', 'symlink_install': True, 'test_result_base': None}[0m
[1.486s] [34mcolcon.colcon_core.executor[0m [1;30mINFO[0m Executing jobs using 'parallel' executor
[1.489s] [34mcolcon.colcon_parallel_executor.executor.parallel[0m [1;30mDEBUG[0m [32mrun_until_complete[0m
[1.490s] [34mcolcon.colcon_ros.task.ament_python.build[0m [1;30mINFO[0m Building ROS package in '/home/arjun7n9s/Downloads/AMD-S-2/ros2_temp/evidence_bridge' with build type 'ament_python'
[1.490s] [34mcolcon.colcon_core.shell[0m [1;30mLevel 1[0m create_environment_hook('evidence_bridge', 'ament_prefix_path')
[1.502s] [34mcolcon.colcon_core.plugin_system[0m [1;30mINFO[0m Skipping extension 'colcon_core.shell.bat': Not used on non-Windows systems
[1.503s] [34mcolcon.colcon_core.shell[0m [1;30mINFO[0m Creating environment hook '/home/arjun7n9s/Downloads/AMD-S-2/ros2_temp/install/evidence_bridge/share/evidence_bridge/hook/ament_prefix_path.ps1'
[1.505s] [34mcolcon.colcon_core.shell[0m [1;30mINFO[0m Creating environment descriptor '/home/arjun7n9s/Downloads/AMD-S-2/ros2_temp/install/evidence_bridge/share/evidence_bridge/hook/ament_prefix_path.dsv'
[1.507s] [34mcolcon.colcon_core.shell[0m [1;30mINFO[0m Creating environment hook '/home/arjun7n9s/Downloads/AMD-S-2/ros2_temp/install/evidence_bridge/share/evidence_bridge/hook/ament_prefix_path.sh'
[1.510s] [34mcolcon.colcon_core.shell[0m [1;30mINFO[0m Skip shell extension 'powershell' for command environment: Not usable outside of PowerShell
[1.510s] [34mcolcon.colcon_core.shell[0m [1;30mDEBUG[0m [32mSkip shell extension 'dsv' for command environment[0m
[1.520s] [34mcolcon.colcon_ros.task.ament_cmake.build[0m [1;30mINFO[0m Building ROS package in '/home/arjun7n9s/Downloads/AMD-S-2/ros2_temp/lng_terminal_world' with build type 'ament_cmake'
[1.521s] [34mcolcon.colcon_cmake.task.cmake.build[0m [1;30mINFO[0m Building CMake package in '/home/arjun7n9s/Downloads/AMD-S-2/ros2_temp/lng_terminal_world'
[1.521s] [34mcolcon.colcon_core.shell[0m [1;30mINFO[0m Skip shell extension 'powershell' for command environment: Not usable outside of PowerShell
[1.522s] [34mcolcon.colcon_core.shell[0m [1;30mDEBUG[0m [32mSkip shell extension 'dsv' for command environment[0m
[2.316s] [34mcolcon.colcon_ros.task.ament_python.build[0m [1;30mWARNING[0m [33mPackage 'evidence_bridge' doesn't explicitly install a marker in the package index (colcon-ros currently does it implicitly but that fallback will be removed in the future)[0m
[2.317s] [34mcolcon.colcon_ros.task.ament_python.build[0m [1;30mWARNING[0m [33mPackage 'evidence_bridge' doesn't explicitly install the 'package.xml' file (colcon-ros currently does it implicitly but that fallback will be removed in the future)[0m
[2.318s] [34mcolcon.colcon_core.task.python.build[0m [1;30mINFO[0m Building Python package in '/home/arjun7n9s/Downloads/AMD-S-2/ros2_temp/evidence_bridge'
[2.318s] [34mcolcon.colcon_core.shell[0m [1;30mINFO[0m Skip shell extension 'powershell' for command environment: Not usable outside of PowerShell
[2.319s] [34mcolcon.colcon_core.shell[0m [1;30mDEBUG[0m [32mSkip shell extension 'dsv' for command environment[0m
[2.339s] [34mcolcon.colcon_core.event_handler.log_command[0m [1;30mDEBUG[0m [32mInvoking command in '/home/arjun7n9s/Downloads/AMD-S-2/ros2_temp/build/lng_terminal_world': CMAKE_PREFIX_PATH=${CMAKE_PREFIX_PATH}:/home/arjun7n9s/hb_ws/install/holo_batallion_ros:/opt/ros/humble /usr/bin/cmake /home/arjun7n9s/Downloads/AMD-S-2/ros2_temp/lng_terminal_world -DAMENT_CMAKE_SYMLINK_INSTALL=1 -DCMAKE_INSTALL_PREFIX=/home/arjun7n9s/Downloads/AMD-S-2/ros2_temp/install/lng_terminal_world[0m
[3.472s] [34mcolcon.colcon_core.event_handler.log_command[0m [1;30mDEBUG[0m [32mInvoking command in '/home/arjun7n9s/Downloads/AMD-S-2/ros2_temp/build/evidence_bridge': PYTHONPATH=/home/arjun7n9s/Downloads/AMD-S-2/ros2_temp/build/evidence_bridge/prefix_override:/usr/lib/python3/dist-packages/colcon_core/task/python/colcon_distutils_commands:/home/arjun7n9s/Downloads/AMD-S-2/ros2_temp/install/evidence_bridge/lib/python3.10/site-packages:${PYTHONPATH} /usr/bin/python3 -W ignore:setup.py install is deprecated -W ignore:easy_install command is deprecated setup.py develop --editable --build-directory /home/arjun7n9s/Downloads/AMD-S-2/ros2_temp/build/evidence_bridge/build --no-deps symlink_data[0m
[6.464s] [34mcolcon.colcon_core.shell[0m [1;30mLevel 1[0m create_environment_hook('evidence_bridge', 'pythonpath_develop')
[6.466s] [34mcolcon.colcon_core.shell[0m [1;30mINFO[0m Creating environment hook '/home/arjun7n9s/Downloads/AMD-S-2/ros2_temp/build/evidence_bridge/share/evidence_bridge/hook/pythonpath_develop.ps1'
[6.469s] [34mcolcon.colcon_core.event_handler.log_command[0m [1;30mDEBUG[0m [32mInvoked command in '/home/arjun7n9s/Downloads/AMD-S-2/ros2_temp/build/evidence_bridge' returned '0': PYTHONPATH=/home/arjun7n9s/Downloads/AMD-S-2/ros2_temp/build/evidence_bridge/prefix_override:/usr/lib/python3/dist-packages/colcon_core/task/python/colcon_distutils_commands:/home/arjun7n9s/Downloads/AMD-S-2/ros2_temp/install/evidence_bridge/lib/python3.10/site-packages:${PYTHONPATH} /usr/bin/python3 -W ignore:setup.py install is deprecated -W ignore:easy_install command is deprecated setup.py develop --editable --build-directory /home/arjun7n9s/Downloads/AMD-S-2/ros2_temp/build/evidence_bridge/build --no-deps symlink_data[0m
[6.473s] [34mcolcon.colcon_core.shell[0m [1;30mINFO[0m Creating environment descriptor '/home/arjun7n9s/Downloads/AMD-S-2/ros2_temp/build/evidence_bridge/share/evidence_bridge/hook/pythonpath_develop.dsv'
[6.475s] [34mcolcon.colcon_core.shell[0m [1;30mINFO[0m Creating environment hook '/home/arjun7n9s/Downloads/AMD-S-2/ros2_temp/build/evidence_bridge/share/evidence_bridge/hook/pythonpath_develop.sh'
[6.510s] [34mcolcon.colcon_core.environment[0m [1;30mLevel 1[0m checking '/home/arjun7n9s/Downloads/AMD-S-2/ros2_temp/install/evidence_bridge' for CMake module files
[6.512s] [34mcolcon.colcon_core.environment[0m [1;30mLevel 1[0m checking '/home/arjun7n9s/Downloads/AMD-S-2/ros2_temp/install/evidence_bridge' for CMake config files
[6.516s] [34mcolcon.colcon_core.environment[0m [1;30mLevel 1[0m checking '/home/arjun7n9s/Downloads/AMD-S-2/ros2_temp/install/evidence_bridge/lib'
[6.517s] [34mcolcon.colcon_core.environment[0m [1;30mLevel 1[0m checking '/home/arjun7n9s/Downloads/AMD-S-2/ros2_temp/install/evidence_bridge/bin'
[6.518s] [34mcolcon.colcon_core.shell[0m [1;30mLevel 1[0m create_environment_hook('evidence_bridge', 'path')
[6.519s] [34mcolcon.colcon_core.shell[0m [1;30mINFO[0m Creating environment hook '/home/arjun7n9s/Downloads/AMD-S-2/ros2_temp/install/evidence_bridge/share/evidence_bridge/hook/path.ps1'
[6.522s] [34mcolcon.colcon_core.shell[0m [1;30mINFO[0m Creating environment descriptor '/home/arjun7n9s/Downloads/AMD-S-2/ros2_temp/install/evidence_bridge/share/evidence_bridge/hook/path.dsv'
[6.524s] [34mcolcon.colcon_core.shell[0m [1;30mINFO[0m Creating environment hook '/home/arjun7n9s/Downloads/AMD-S-2/ros2_temp/install/evidence_bridge/share/evidence_bridge/hook/path.sh'
[6.526s] [34mcolcon.colcon_core.environment[0m [1;30mLevel 1[0m checking '/home/arjun7n9s/Downloads/AMD-S-2/ros2_temp/install/evidence_bridge/lib/pkgconfig/evidence_bridge.pc'
[6.528s] [34mcolcon.colcon_core.environment[0m [1;30mLevel 1[0m checking '/home/arjun7n9s/Downloads/AMD-S-2/ros2_temp/install/evidence_bridge/lib/python3.10/site-packages'
[6.528s] [34mcolcon.colcon_core.shell[0m [1;30mLevel 1[0m create_environment_hook('evidence_bridge', 'pythonpath')
[6.530s] [34mcolcon.colcon_core.shell[0m [1;30mINFO[0m Creating environment hook '/home/arjun7n9s/Downloads/AMD-S-2/ros2_temp/install/evidence_bridge/share/evidence_bridge/hook/pythonpath.ps1'
[6.533s] [34mcolcon.colcon_core.shell[0m [1;30mINFO[0m Creating environment descriptor '/home/arjun7n9s/Downloads/AMD-S-2/ros2_temp/install/evidence_bridge/share/evidence_bridge/hook/pythonpath.dsv'
[6.535s] [34mcolcon.colcon_core.shell[0m [1;30mINFO[0m Creating environment hook '/home/arjun7n9s/Downloads/AMD-S-2/ros2_temp/install/evidence_bridge/share/evidence_bridge/hook/pythonpath.sh'
[6.539s] [34mcolcon.colcon_core.environment[0m [1;30mLevel 1[0m checking '/home/arjun7n9s/Downloads/AMD-S-2/ros2_temp/install/evidence_bridge/bin'
[6.540s] [34mcolcon.colcon_core.shell[0m [1;30mLevel 1[0m create_environment_hook('evidence_bridge', 'pythonscriptspath')
[6.541s] [34mcolcon.colcon_core.shell[0m [1;30mINFO[0m Creating environment hook '/home/arjun7n9s/Downloads/AMD-S-2/ros2_temp/install/evidence_bridge/share/evidence_bridge/hook/pythonscriptspath.ps1'
[6.543s] [34mcolcon.colcon_core.shell[0m [1;30mINFO[0m Creating environment descriptor '/home/arjun7n9s/Downloads/AMD-S-2/ros2_temp/install/evidence_bridge/share/evidence_bridge/hook/pythonscriptspath.dsv'
[6.544s] [34mcolcon.colcon_core.shell[0m [1;30mINFO[0m Creating environment hook '/home/arjun7n9s/Downloads/AMD-S-2/ros2_temp/install/evidence_bridge/share/evidence_bridge/hook/pythonscriptspath.sh'
[6.546s] [34mcolcon.colcon_core.environment[0m [1;30mLevel 1[0m create_environment_scripts_only(evidence_bridge)
[6.549s] [34mcolcon.colcon_core.shell[0m [1;30mINFO[0m Creating package script '/home/arjun7n9s/Downloads/AMD-S-2/ros2_temp/install/evidence_bridge/share/evidence_bridge/package.ps1'
[6.558s] [34mcolcon.colcon_core.shell[0m [1;30mINFO[0m Creating package descriptor '/home/arjun7n9s/Downloads/AMD-S-2/ros2_temp/install/evidence_bridge/share/evidence_bridge/package.dsv'
[6.562s] [34mcolcon.colcon_core.shell[0m [1;30mINFO[0m Creating package script '/home/arjun7n9s/Downloads/AMD-S-2/ros2_temp/install/evidence_bridge/share/evidence_bridge/package.sh'
[6.567s] [34mcolcon.colcon_core.shell[0m [1;30mINFO[0m Creating package script '/home/arjun7n9s/Downloads/AMD-S-2/ros2_temp/install/evidence_bridge/share/evidence_bridge/package.bash'
[6.572s] [34mcolcon.colcon_core.shell[0m [1;30mINFO[0m Creating package script '/home/arjun7n9s/Downloads/AMD-S-2/ros2_temp/install/evidence_bridge/share/evidence_bridge/package.zsh'
[6.577s] [34mcolcon.colcon_core.environment[0m [1;30mLevel 1[0m create_file_with_runtime_dependencies(/home/arjun7n9s/Downloads/AMD-S-2/ros2_temp/install/evidence_bridge/share/colcon-core/packages/evidence_bridge)
[12.172s] [34mcolcon.colcon_core.event_handler.log_command[0m [1;30mDEBUG[0m [32mInvoked command in '/home/arjun7n9s/Downloads/AMD-S-2/ros2_temp/build/lng_terminal_world' returned '0': CMAKE_PREFIX_PATH=${CMAKE_PREFIX_PATH}:/home/arjun7n9s/hb_ws/install/holo_batallion_ros:/opt/ros/humble /usr/bin/cmake /home/arjun7n9s/Downloads/AMD-S-2/ros2_temp/lng_terminal_world -DAMENT_CMAKE_SYMLINK_INSTALL=1 -DCMAKE_INSTALL_PREFIX=/home/arjun7n9s/Downloads/AMD-S-2/ros2_temp/install/lng_terminal_world[0m
[12.184s] [34mcolcon.colcon_core.event_handler.log_command[0m [1;30mDEBUG[0m [32mInvoking command in '/home/arjun7n9s/Downloads/AMD-S-2/ros2_temp/build/lng_terminal_world': CMAKE_PREFIX_PATH=${CMAKE_PREFIX_PATH}:/home/arjun7n9s/hb_ws/install/holo_batallion_ros:/opt/ros/humble /usr/bin/cmake --build /home/arjun7n9s/Downloads/AMD-S-2/ros2_temp/build/lng_terminal_world -- -j20 -l20[0m
[38.533s] [34mcolcon.colcon_core.event_handler.log_command[0m [1;30mDEBUG[0m [32mInvoked command in '/home/arjun7n9s/Downloads/AMD-S-2/ros2_temp/build/lng_terminal_world' returned '0': CMAKE_PREFIX_PATH=${CMAKE_PREFIX_PATH}:/home/arjun7n9s/hb_ws/install/holo_batallion_ros:/opt/ros/humble /usr/bin/cmake --build /home/arjun7n9s/Downloads/AMD-S-2/ros2_temp/build/lng_terminal_world -- -j20 -l20[0m
[38.572s] [34mcolcon.colcon_core.event_handler.log_command[0m [1;30mDEBUG[0m [32mInvoking command in '/home/arjun7n9s/Downloads/AMD-S-2/ros2_temp/build/lng_terminal_world': CMAKE_PREFIX_PATH=${CMAKE_PREFIX_PATH}:/home/arjun7n9s/hb_ws/install/holo_batallion_ros:/opt/ros/humble /usr/bin/cmake --install /home/arjun7n9s/Downloads/AMD-S-2/ros2_temp/build/lng_terminal_world[0m
[39.257s] [34mcolcon.colcon_core.environment[0m [1;30mLevel 1[0m create_environment_scripts_only(lng_terminal_world)
[39.258s] [34mcolcon.colcon_core.event_handler.log_command[0m [1;30mDEBUG[0m [32mInvoked command in '/home/arjun7n9s/Downloads/AMD-S-2/ros2_temp/build/lng_terminal_world' returned '0': CMAKE_PREFIX_PATH=${CMAKE_PREFIX_PATH}:/home/arjun7n9s/hb_ws/install/holo_batallion_ros:/opt/ros/humble /usr/bin/cmake --install /home/arjun7n9s/Downloads/AMD-S-2/ros2_temp/build/lng_terminal_world[0m
[39.259s] [34mcolcon.colcon_core.environment[0m [1;30mLevel 1[0m checking '/home/arjun7n9s/Downloads/AMD-S-2/ros2_temp/install/lng_terminal_world' for CMake module files
[39.261s] [34mcolcon.colcon_core.environment[0m [1;30mLevel 1[0m checking '/home/arjun7n9s/Downloads/AMD-S-2/ros2_temp/install/lng_terminal_world' for CMake config files
[39.262s] [34mcolcon.colcon_core.shell[0m [1;30mLevel 1[0m create_environment_hook('lng_terminal_world', 'cmake_prefix_path')
[39.262s] [34mcolcon.colcon_core.shell[0m [1;30mINFO[0m Creating environment hook '/home/arjun7n9s/Downloads/AMD-S-2/ros2_temp/install/lng_terminal_world/share/lng_terminal_world/hook/cmake_prefix_path.ps1'
[39.264s] [34mcolcon.colcon_core.shell[0m [1;30mINFO[0m Creating environment descriptor '/home/arjun7n9s/Downloads/AMD-S-2/ros2_temp/install/lng_terminal_world/share/lng_terminal_world/hook/cmake_prefix_path.dsv'
[39.265s] [34mcolcon.colcon_core.shell[0m [1;30mINFO[0m Creating environment hook '/home/arjun7n9s/Downloads/AMD-S-2/ros2_temp/install/lng_terminal_world/share/lng_terminal_world/hook/cmake_prefix_path.sh'
[39.266s] [34mcolcon.colcon_core.environment[0m [1;30mLevel 1[0m checking '/home/arjun7n9s/Downloads/AMD-S-2/ros2_temp/install/lng_terminal_world/lib'
[39.267s] [34mcolcon.colcon_core.environment[0m [1;30mLevel 1[0m checking '/home/arjun7n9s/Downloads/AMD-S-2/ros2_temp/install/lng_terminal_world/bin'
[39.267s] [34mcolcon.colcon_core.environment[0m [1;30mLevel 1[0m checking '/home/arjun7n9s/Downloads/AMD-S-2/ros2_temp/install/lng_terminal_world/lib/pkgconfig/lng_terminal_world.pc'
[39.268s] [34mcolcon.colcon_core.environment[0m [1;30mLevel 1[0m checking '/home/arjun7n9s/Downloads/AMD-S-2/ros2_temp/install/lng_terminal_world/lib/python3.10/site-packages'
[39.269s] [34mcolcon.colcon_core.environment[0m [1;30mLevel 1[0m checking '/home/arjun7n9s/Downloads/AMD-S-2/ros2_temp/install/lng_terminal_world/bin'
[39.270s] [34mcolcon.colcon_core.shell[0m [1;30mINFO[0m Creating package script '/home/arjun7n9s/Downloads/AMD-S-2/ros2_temp/install/lng_terminal_world/share/lng_terminal_world/package.ps1'
[39.271s] [34mcolcon.colcon_core.shell[0m [1;30mINFO[0m Creating package descriptor '/home/arjun7n9s/Downloads/AMD-S-2/ros2_temp/install/lng_terminal_world/share/lng_terminal_world/package.dsv'
[39.272s] [34mcolcon.colcon_core.shell[0m [1;30mINFO[0m Creating package script '/home/arjun7n9s/Downloads/AMD-S-2/ros2_temp/install/lng_terminal_world/share/lng_terminal_world/package.sh'
[39.273s] [34mcolcon.colcon_core.shell[0m [1;30mINFO[0m Creating package script '/home/arjun7n9s/Downloads/AMD-S-2/ros2_temp/install/lng_terminal_world/share/lng_terminal_world/package.bash'
[39.274s] [34mcolcon.colcon_core.shell[0m [1;30mINFO[0m Creating package script '/home/arjun7n9s/Downloads/AMD-S-2/ros2_temp/install/lng_terminal_world/share/lng_terminal_world/package.zsh'
[39.275s] [34mcolcon.colcon_core.environment[0m [1;30mLevel 1[0m create_file_with_runtime_dependencies(/home/arjun7n9s/Downloads/AMD-S-2/ros2_temp/install/lng_terminal_world/share/colcon-core/packages/lng_terminal_world)
[39.277s] [34mcolcon.colcon_core.environment[0m [1;30mLevel 1[0m create_environment_scripts_only(lng_terminal_world)
[39.277s] [34mcolcon.colcon_core.environment[0m [1;30mLevel 1[0m checking '/home/arjun7n9s/Downloads/AMD-S-2/ros2_temp/install/lng_terminal_world' for CMake module files
[39.279s] [34mcolcon.colcon_core.environment[0m [1;30mLevel 1[0m checking '/home/arjun7n9s/Downloads/AMD-S-2/ros2_temp/install/lng_terminal_world' for CMake config files
[39.279s] [34mcolcon.colcon_core.shell[0m [1;30mLevel 1[0m create_environment_hook('lng_terminal_world', 'cmake_prefix_path')
[39.280s] [34mcolcon.colcon_core.shell[0m [1;30mINFO[0m Creating environment hook '/home/arjun7n9s/Downloads/AMD-S-2/ros2_temp/install/lng_terminal_world/share/lng_terminal_world/hook/cmake_prefix_path.ps1'
[39.281s] [34mcolcon.colcon_core.shell[0m [1;30mINFO[0m Creating environment descriptor '/home/arjun7n9s/Downloads/AMD-S-2/ros2_temp/install/lng_terminal_world/share/lng_terminal_world/hook/cmake_prefix_path.dsv'
[39.282s] [34mcolcon.colcon_core.shell[0m [1;30mINFO[0m Creating environment hook '/home/arjun7n9s/Downloads/AMD-S-2/ros2_temp/install/lng_terminal_world/share/lng_terminal_world/hook/cmake_prefix_path.sh'
[39.284s] [34mcolcon.colcon_core.environment[0m [1;30mLevel 1[0m checking '/home/arjun7n9s/Downloads/AMD-S-2/ros2_temp/install/lng_terminal_world/lib'
[39.284s] [34mcolcon.colcon_core.environment[0m [1;30mLevel 1[0m checking '/home/arjun7n9s/Downloads/AMD-S-2/ros2_temp/install/lng_terminal_world/bin'
[39.284s] [34mcolcon.colcon_core.environment[0m [1;30mLevel 1[0m checking '/home/arjun7n9s/Downloads/AMD-S-2/ros2_temp/install/lng_terminal_world/lib/pkgconfig/lng_terminal_world.pc'
[39.285s] [34mcolcon.colcon_core.environment[0m [1;30mLevel 1[0m checking '/home/arjun7n9s/Downloads/AMD-S-2/ros2_temp/install/lng_terminal_world/lib/python3.10/site-packages'
[39.286s] [34mcolcon.colcon_core.environment[0m [1;30mLevel 1[0m checking '/home/arjun7n9s/Downloads/AMD-S-2/ros2_temp/install/lng_terminal_world/bin'
[39.287s] [34mcolcon.colcon_core.shell[0m [1;30mINFO[0m Creating package script '/home/arjun7n9s/Downloads/AMD-S-2/ros2_temp/install/lng_terminal_world/share/lng_terminal_world/package.ps1'
[39.289s] [34mcolcon.colcon_core.shell[0m [1;30mINFO[0m Creating package descriptor '/home/arjun7n9s/Downloads/AMD-S-2/ros2_temp/install/lng_terminal_world/share/lng_terminal_world/package.dsv'
[39.291s] [34mcolcon.colcon_core.shell[0m [1;30mINFO[0m Creating package script '/home/arjun7n9s/Downloads/AMD-S-2/ros2_temp/install/lng_terminal_world/share/lng_terminal_world/package.sh'
[39.292s] [34mcolcon.colcon_core.shell[0m [1;30mINFO[0m Creating package script '/home/arjun7n9s/Downloads/AMD-S-2/ros2_temp/install/lng_terminal_world/share/lng_terminal_world/package.bash'
[39.294s] [34mcolcon.colcon_core.shell[0m [1;30mINFO[0m Creating package script '/home/arjun7n9s/Downloads/AMD-S-2/ros2_temp/install/lng_terminal_world/share/lng_terminal_world/package.zsh'
[39.296s] [34mcolcon.colcon_core.environment[0m [1;30mLevel 1[0m create_file_with_runtime_dependencies(/home/arjun7n9s/Downloads/AMD-S-2/ros2_temp/install/lng_terminal_world/share/colcon-core/packages/lng_terminal_world)
[39.296s] [34mcolcon.colcon_parallel_executor.executor.parallel[0m [1;30mDEBUG[0m [32mclosing loop[0m
[39.298s] [34mcolcon.colcon_parallel_executor.executor.parallel[0m [1;30mDEBUG[0m [32mloop closed[0m
[39.298s] [34mcolcon.colcon_parallel_executor.executor.parallel[0m [1;30mDEBUG[0m [32mrun_until_complete finished with '0'[0m
[39.298s] [34mcolcon.colcon_core.event_reactor[0m [1;30mDEBUG[0m [32mjoining thread[0m
[39.340s] [34mcolcon.colcon_core.plugin_system[0m [1;30mINFO[0m Skipping extension 'colcon_notification.desktop_notification.terminal_notifier': Not used on non-Darwin systems
[39.340s] [34mcolcon.colcon_core.plugin_system[0m [1;30mINFO[0m Skipping extension 'colcon_notification.desktop_notification.win32': Not used on non-Windows systems
[39.340s] [34mcolcon.colcon_notification.desktop_notification[0m [1;30mINFO[0m Sending desktop notification using 'notify2'
[39.384s] [34mcolcon.colcon_core.event_reactor[0m [1;30mDEBUG[0m [32mjoined thread[0m
[39.385s] [34mcolcon.colcon_core.shell[0m [1;30mINFO[0m Creating prefix script '/home/arjun7n9s/Downloads/AMD-S-2/ros2_temp/install/local_setup.ps1'
[39.405s] [34mcolcon.colcon_core.shell[0m [1;30mINFO[0m Creating prefix util module '/home/arjun7n9s/Downloads/AMD-S-2/ros2_temp/install/_local_setup_util_ps1.py'
[39.409s] [34mcolcon.colcon_core.shell[0m [1;30mINFO[0m Creating prefix chain script '/home/arjun7n9s/Downloads/AMD-S-2/ros2_temp/install/setup.ps1'
[39.413s] [34mcolcon.colcon_core.shell[0m [1;30mINFO[0m Creating prefix script '/home/arjun7n9s/Downloads/AMD-S-2/ros2_temp/install/local_setup.sh'
[39.415s] [34mcolcon.colcon_core.shell[0m [1;30mINFO[0m Creating prefix util module '/home/arjun7n9s/Downloads/AMD-S-2/ros2_temp/install/_local_setup_util_sh.py'
[39.418s] [34mcolcon.colcon_core.shell[0m [1;30mINFO[0m Creating prefix chain script '/home/arjun7n9s/Downloads/AMD-S-2/ros2_temp/install/setup.sh'
[39.422s] [34mcolcon.colcon_core.shell[0m [1;30mINFO[0m Creating prefix script '/home/arjun7n9s/Downloads/AMD-S-2/ros2_temp/install/local_setup.bash'
[39.424s] [34mcolcon.colcon_core.shell[0m [1;30mINFO[0m Creating prefix chain script '/home/arjun7n9s/Downloads/AMD-S-2/ros2_temp/install/setup.bash'
[39.429s] [34mcolcon.colcon_core.shell[0m [1;30mINFO[0m Creating prefix script '/home/arjun7n9s/Downloads/AMD-S-2/ros2_temp/install/local_setup.zsh'
[39.431s] [34mcolcon.colcon_core.shell[0m [1;30mINFO[0m Creating prefix chain script '/home/arjun7n9s/Downloads/AMD-S-2/ros2_temp/install/setup.zsh'
