[0.816s] Invoking command in '/home/arjun7n9s/Downloads/AMD-S-2/ros2_temp/build/lng_terminal_world': CMAKE_PREFIX_PATH=${CMAKE_PREFIX_PATH}:/home/arjun7n9s/hb_ws/install/holo_batallion_ros:/opt/ros/humble /usr/bin/cmake /home/arjun7n9s/Downloads/AMD-S-2/ros2_temp/lng_terminal_world -DAMENT_CMAKE_SYMLINK_INSTALL=1 -DCMAKE_INSTALL_PREFIX=/home/arjun7n9s/Downloads/AMD-S-2/ros2_temp/install/lng_terminal_world
[1.064s] -- The C compiler identification is GNU 11.4.0
[1.408s] -- The CXX compiler identification is GNU 11.4.0
[1.515s] -- Detecting C compiler ABI info
[1.746s] -- Detecting C compiler ABI info - done
[1.769s] -- Check for working C compiler: /usr/bin/cc - skipped
[1.771s] -- Detecting C compile features
[1.772s] -- Detecting C compile features - done
[1.783s] -- Detecting CXX compiler ABI info
[2.121s] -- Detecting CXX compiler ABI info - done
[2.160s] -- Check for working CXX compiler: /usr/bin/c++ - skipped
[2.161s] -- Detecting CXX compile features
[2.163s] -- Detecting CXX compile features - done
[2.194s] -- Found ament_cmake: 1.3.12 (/opt/ros/humble/share/ament_cmake/cmake)
[3.432s] -- Found Python3: /usr/bin/python3 (found version "3.10.12") found components: Interpreter 
[3.992s] -- Override CMake install command with custom implementation using symlinks instead of copying resources
[4.325s] -- Looking for ignition-plugin1 -- found version 1.4.0
[4.328s] -- Searching for dependencies of ignition-plugin1
[4.332s] -- Searching for <ignition-plugin1> component [register]
[4.347s] -- Looking for ignition-plugin1-register -- found version 1.4.0
[4.350s] -- Searching for dependencies of ignition-plugin1-register
[4.368s] -- Looking for ignition-gazebo6 -- found version 6.17.0
[4.371s] -- Searching for dependencies of ignition-gazebo6
[4.385s] -- Looking for sdformat12 -- found version 12.8.0
[4.388s] -- Searching for dependencies of sdformat12
[4.423s] -- Checking for module 'tinyxml2'
[4.502s] --   Found tinyxml2, version 9.0.0
[4.752s] -- Looking for ignition-math6 -- found version 6.15.1
[4.755s] -- Searching for dependencies of ignition-math6
[4.773s] -- Looking for ignition-utils1 -- found version 1.5.1
[4.779s] -- Searching for dependencies of ignition-utils1
[4.787s] -- Looking for ignition-plugin1 -- found version 1.4.0
[4.791s] -- Searching for dependencies of ignition-plugin1
[4.792s] -- Searching for <ignition-plugin1> component [loader]
[4.804s] -- Looking for ignition-plugin1-loader -- found version 1.4.0
[4.807s] -- Searching for dependencies of ignition-plugin1-loader
[4.811s] -- Searching for <ignition-plugin1> component [register]
[4.828s] -- Looking for ignition-transport11 -- found version 11.4.1
[4.832s] -- Searching for dependencies of ignition-transport11
[6.042s] -- Found Protobuf: /usr/lib/x86_64-linux-gnu/libprotobuf.so (found version "3.12.4") 
[6.114s] -- Config-file not installed for ZeroMQ -- checking for pkg-config
[6.144s] -- Checking for module 'libzmq >= 4'
[6.234s] --   Found libzmq , version 4.3.4
[6.479s] -- Found ZeroMQ: TRUE (Required is at least version "4") 
[6.516s] -- Checking for module 'uuid'
[6.620s] --   Found uuid, version 2.37.2
[6.824s] -- Found UUID: TRUE  
[6.827s] -- Looking for ignition-utils1 -- found version 1.5.1
[6.830s] -- Searching for dependencies of ignition-utils1
[6.831s] -- Searching for <ignition-utils1> component [cli]
[6.849s] -- Looking for ignition-utils1-cli -- found version 1.5.1
[6.852s] -- Searching for dependencies of ignition-utils1-cli
[6.866s] -- Looking for ignition-msgs8 -- found version 8.7.0
[6.868s] -- Searching for dependencies of ignition-msgs8
[6.958s] -- Found Protobuf: /usr/lib/x86_64-linux-gnu/libprotobuf.so (found suitable version "3.12.4", minimum required is "3") 
[6.962s] -- Looking for ignition-math6 -- found version 6.15.1
[7.028s] -- Searching for <ignition-transport11> component [log]
[7.039s] -- Looking for ignition-transport11-log -- found version 11.4.1
[7.042s] -- Searching for dependencies of ignition-transport11-log
[7.044s] -- Searching for <ignition-transport11> component [parameters]
[7.055s] -- Looking for ignition-transport11-parameters -- found version 11.4.1
[7.058s] -- Searching for dependencies of ignition-transport11-parameters
[7.064s] -- Looking for ignition-msgs8 -- found version 8.7.0
[7.074s] -- Looking for ignition-common4 -- found version 4.7.0
[7.076s] -- Searching for dependencies of ignition-common4
[7.079s] -- Looking for dlfcn.h - found
[7.083s] -- Looking for libdl - found
[7.091s] -- Found DL: TRUE  
[7.133s] -- Searching for <ignition-common4> component [profiler]
[7.143s] -- Looking for ignition-common4-profiler -- found version 4.7.0
[7.146s] -- Searching for dependencies of ignition-common4-profiler
[7.149s] -- Searching for <ignition-common4> component [events]
[7.159s] -- Looking for ignition-common4-events -- found version 4.7.0
[7.161s] -- Searching for dependencies of ignition-common4-events
[7.163s] -- Looking for ignition-math6 -- found version 6.15.1
[7.166s] -- Searching for <ignition-common4> component [av]
[7.176s] -- Looking for ignition-common4-av -- found version 4.7.0
[7.178s] -- Searching for dependencies of ignition-common4-av
[7.202s] -- Checking for module 'libswscale'
[7.265s] --   Found libswscale, version 5.9.100
[7.387s] -- Found SWSCALE: TRUE  
[7.415s] -- Checking for module 'libavdevice >= 56.4.100'
[7.464s] --   Found libavdevice , version 58.13.100
[7.599s] -- Found AVDEVICE: TRUE (Required is at least version "56.4.100") 
[7.619s] -- Checking for module 'libavformat'
[7.665s] --   Found libavformat, version 58.76.100
[7.793s] -- Found AVFORMAT: TRUE  
[7.811s] -- Checking for module 'libavcodec'
[7.857s] --   Found libavcodec, version 58.134.100
[7.979s] -- Found AVCODEC: TRUE  
[7.999s] -- Checking for module 'libavutil'
[8.045s] --   Found libavutil, version 56.70.100
[8.165s] -- Found AVUTIL: TRUE  
[8.180s] -- Looking for ignition-fuel_tools7 -- found version 7.3.1
[8.182s] -- Searching for dependencies of ignition-fuel_tools7
[8.606s] -- Found CURL: /usr/lib/x86_64-linux-gnu/libcurl.so (found version "7.81.0")  
[8.650s] -- Checking for module 'jsoncpp'
[8.716s] --   Found jsoncpp, version 1.9.5
[8.874s] -- Found JSONCPP: TRUE  
[8.914s] -- Checking for module 'libzip'
[8.974s] --   Found libzip, version 1.7.3
[9.122s] -- Found ZIP: TRUE  
[9.124s] -- Looking for ignition-common4 -- found version 4.7.0
[9.126s] -- Looking for ignition-math6 -- found version 6.15.1
[9.127s] -- Looking for ignition-msgs8 -- found version 8.7.0
[9.148s] -- Looking for ignition-gui6 -- found version 6.8.0
[9.149s] -- Searching for dependencies of ignition-gui6
[9.256s] -- Looking for ignition-math6 -- found version 6.15.1
[9.258s] -- Looking for ignition-common4 -- found version 4.7.0
[9.259s] -- Looking for ignition-plugin1 -- found version 1.4.0
[9.261s] -- Looking for ignition-transport11 -- found version 11.4.1
[9.277s] -- Looking for ignition-rendering6 -- found version 6.6.3
[9.279s] -- Searching for dependencies of ignition-rendering6
[9.281s] -- Looking for ignition-math6 -- found version 6.15.1
[9.283s] -- Searching for dependencies of ignition-math6
[9.284s] -- Searching for <ignition-math6> component [eigen3]
[9.292s] -- Looking for ignition-math6-eigen3 -- found version 6.15.1
[9.294s] -- Searching for dependencies of ignition-math6-eigen3
[9.325s] -- Looking for ignition-common4 -- found version 4.7.0
[9.327s] -- Searching for dependencies of ignition-common4
[9.328s] -- Looking for dlfcn.h - found
[9.328s] -- Looking for libdl - found
[9.365s] -- Searching for <ignition-common4> component [graphics]
[9.377s] -- Looking for ignition-common4-graphics -- found version 4.7.0
[9.379s] -- Searching for dependencies of ignition-common4-graphics
[9.381s] -- Looking for ignition-math6 -- found version 6.15.1
[9.382s] -- Looking for ignition-utils1 -- found version 1.5.1
[9.385s] -- Searching for <ignition-common4> component [events]
[9.389s] -- Looking for ignition-plugin1 -- found version 1.4.0
[9.391s] -- Searching for dependencies of ignition-plugin1
[9.391s] -- Searching for <ignition-plugin1> component [all]
[9.400s] -- Looking for all libraries of ignition-plugin1 -- found version 1.4.0
[9.402s] -- Looking for ignition-plugin1 -- found version 1.4.0
[9.413s] -- Looking for ignition-msgs8 -- found version 8.7.0
[9.534s] -- Looking for ignition-physics5 -- found version 5.3.2
[9.536s] -- Searching for dependencies of ignition-physics5
[9.538s] -- Looking for ignition-math6 -- found version 6.15.1
[9.540s] -- Looking for ignition-plugin1 -- found version 1.4.0
[9.542s] -- Looking for ignition-utils1 -- found version 1.5.1
[9.548s] -- Searching for <ignition-physics5> component [heightmap]
[9.558s] -- Looking for ignition-physics5-heightmap -- found version 5.3.2
[9.561s] -- Searching for dependencies of ignition-physics5-heightmap
[9.563s] -- Looking for ignition-common4 -- found version 4.7.0
[9.565s] -- Searching for <ignition-physics5> component [mesh]
[9.576s] -- Looking for ignition-physics5-mesh -- found version 5.3.2
[9.579s] -- Searching for dependencies of ignition-physics5-mesh
[9.581s] -- Looking for ignition-common4 -- found version 4.7.0
[9.583s] -- Searching for <ignition-physics5> component [sdf]
[9.593s] -- Looking for ignition-physics5-sdf -- found version 5.3.2
[9.596s] -- Searching for dependencies of ignition-physics5-sdf
[9.598s] -- Looking for sdformat12 -- found version 12.8.0
[9.617s] -- Looking for ignition-sensors6 -- found version 6.8.1
[9.619s] -- Searching for dependencies of ignition-sensors6
[9.706s] -- Found Protobuf: /usr/lib/x86_64-linux-gnu/libprotobuf.so (found version "3.12.4") 
[9.710s] -- Looking for ignition-math6 -- found version 6.15.1
[9.712s] -- Looking for ignition-common4 -- found version 4.7.0
[9.714s] -- Looking for ignition-transport11 -- found version 11.4.1
[9.717s] -- Looking for ignition-rendering6 -- found version 6.6.3
[9.719s] -- Looking for ignition-msgs8 -- found version 8.7.0
[9.721s] -- Looking for sdformat12 -- found version 12.8.0
[9.726s] -- Searching for <ignition-sensors6> component [air_pressure]
[9.737s] -- Looking for ignition-sensors6-air_pressure -- found version 6.8.1
[9.740s] -- Searching for dependencies of ignition-sensors6-air_pressure
[9.743s] -- Searching for <ignition-sensors6> component [altimeter]
[9.753s] -- Looking for ignition-sensors6-altimeter -- found version 6.8.1
[9.755s] -- Searching for dependencies of ignition-sensors6-altimeter
[9.758s] -- Searching for <ignition-sensors6> component [imu]
[9.768s] -- Looking for ignition-sensors6-imu -- found version 6.8.1
[9.770s] -- Searching for dependencies of ignition-sensors6-imu
[9.773s] -- Searching for <ignition-sensors6> component [force_torque]
[9.783s] -- Looking for ignition-sensors6-force_torque -- found version 6.8.1
[9.785s] -- Searching for dependencies of ignition-sensors6-force_torque
[9.788s] -- Searching for <ignition-sensors6> component [logical_camera]
[9.798s] -- Looking for ignition-sensors6-logical_camera -- found version 6.8.1
[9.800s] -- Searching for dependencies of ignition-sensors6-logical_camera
[9.803s] -- Searching for <ignition-sensors6> component [magnetometer]
[9.815s] -- Looking for ignition-sensors6-magnetometer -- found version 6.8.1
[9.818s] -- Searching for dependencies of ignition-sensors6-magnetometer
[9.822s] -- Searching for <ignition-sensors6> component [navsat]
[9.836s] -- Looking for ignition-sensors6-navsat -- found version 6.8.1
[9.839s] -- Searching for dependencies of ignition-sensors6-navsat
[9.843s] -- Searching for <ignition-sensors6> component [rendering]
[9.857s] -- Looking for ignition-sensors6-rendering -- found version 6.8.1
[9.859s] -- Searching for dependencies of ignition-sensors6-rendering
[9.862s] -- Searching for <ignition-sensors6> component [lidar]
[9.872s] -- Looking for ignition-sensors6-lidar -- found version 6.8.1
[9.874s] -- Searching for dependencies of ignition-sensors6-lidar
[9.876s] -- Looking for ignition-sensors6 -- found version 6.8.1
[9.880s] -- Searching for <ignition-sensors6> component [gpu_lidar]
[9.890s] -- Looking for ignition-sensors6-gpu_lidar -- found version 6.8.1
[9.892s] -- Searching for dependencies of ignition-sensors6-gpu_lidar
[9.894s] -- Looking for ignition-sensors6 -- found version 6.8.1
[9.897s] -- Searching for <ignition-sensors6> component [camera]
[9.907s] -- Looking for ignition-sensors6-camera -- found version 6.8.1
[9.909s] -- Searching for dependencies of ignition-sensors6-camera
[9.911s] -- Looking for ignition-sensors6 -- found version 6.8.1
[9.914s] -- Searching for <ignition-sensors6> component [boundingbox_camera]
[9.924s] -- Looking for ignition-sensors6-boundingbox_camera -- found version 6.8.1
[9.927s] -- Searching for dependencies of ignition-sensors6-boundingbox_camera
[9.930s] -- Searching for <ignition-sensors6> component [segmentation_camera]
[9.940s] -- Looking for ignition-sensors6-segmentation_camera -- found version 6.8.1
[9.942s] -- Searching for dependencies of ignition-sensors6-segmentation_camera
[9.945s] -- Searching for <ignition-sensors6> component [depth_camera]
[9.955s] -- Looking for ignition-sensors6-depth_camera -- found version 6.8.1
[9.957s] -- Searching for dependencies of ignition-sensors6-depth_camera
[9.959s] -- Looking for ignition-sensors6 -- found version 6.8.1
[9.962s] -- Searching for <ignition-sensors6> component [rgbd_camera]
[9.972s] -- Looking for ignition-sensors6-rgbd_camera -- found version 6.8.1
[9.975s] -- Searching for dependencies of ignition-sensors6-rgbd_camera
[9.977s] -- Looking for ignition-sensors6 -- found version 6.8.1
[9.980s] -- Searching for <ignition-sensors6> component [thermal_camera]
[9.990s] -- Looking for ignition-sensors6-thermal_camera -- found version 6.8.1
[9.992s] -- Searching for dependencies of ignition-sensors6-thermal_camera
[9.994s] -- Looking for ignition-sensors6 -- found version 6.8.1
[10.000s] -- Looking for ignition-rendering6 -- found version 6.6.3
[10.002s] -- Looking for ignition-math6 -- found version 6.15.1
[10.013s] -- Looking for ignition-utils1 -- found version 1.5.1
[10.112s] -- Looking for ignition-math6 -- found version 6.15.1
[10.115s] -- Looking for ignition-common4 -- found version 4.7.0
[10.448s] -- Configuring done
[10.584s] -- Generating done
[10.598s] -- Build files have been written to: /home/arjun7n9s/Downloads/AMD-S-2/ros2_temp/build/lng_terminal_world
[10.649s] Invoked command in '/home/arjun7n9s/Downloads/AMD-S-2/ros2_temp/build/lng_terminal_world' returned '0': CMAKE_PREFIX_PATH=${CMAKE_PREFIX_PATH}:/home/arjun7n9s/hb_ws/install/holo_batallion_ros:/opt/ros/humble /usr/bin/cmake /home/arjun7n9s/Downloads/AMD-S-2/ros2_temp/lng_terminal_world -DAMENT_CMAKE_SYMLINK_INSTALL=1 -DCMAKE_INSTALL_PREFIX=/home/arjun7n9s/Downloads/AMD-S-2/ros2_temp/install/lng_terminal_world
[10.661s] Invoking command in '/home/arjun7n9s/Downloads/AMD-S-2/ros2_temp/build/lng_terminal_world': CMAKE_PREFIX_PATH=${CMAKE_PREFIX_PATH}:/home/arjun7n9s/hb_ws/install/holo_batallion_ros:/opt/ros/humble /usr/bin/cmake --build /home/arjun7n9s/Downloads/AMD-S-2/ros2_temp/build/lng_terminal_world -- -j20 -l20
[10.909s] [ 50%] [32mBuilding CXX object CMakeFiles/DroneAnimator.dir/plugins/DroneAnimator.cc.o[0m
[35.767s] [100%] [32m[1mLinking CXX shared library libDroneAnimator.so[0m
[36.967s] [100%] Built target DroneAnimator
[37.010s] Invoked command in '/home/arjun7n9s/Downloads/AMD-S-2/ros2_temp/build/lng_terminal_world' returned '0': CMAKE_PREFIX_PATH=${CMAKE_PREFIX_PATH}:/home/arjun7n9s/hb_ws/install/holo_batallion_ros:/opt/ros/humble /usr/bin/cmake --build /home/arjun7n9s/Downloads/AMD-S-2/ros2_temp/build/lng_terminal_world -- -j20 -l20
[37.049s] Invoking command in '/home/arjun7n9s/Downloads/AMD-S-2/ros2_temp/build/lng_terminal_world': CMAKE_PREFIX_PATH=${CMAKE_PREFIX_PATH}:/home/arjun7n9s/hb_ws/install/holo_batallion_ros:/opt/ros/humble /usr/bin/cmake --install /home/arjun7n9s/Downloads/AMD-S-2/ros2_temp/build/lng_terminal_world
[37.075s] -- Install configuration: ""
[37.077s] -- Execute custom install script
[37.078s] -- Symlinking: /home/arjun7n9s/Downloads/AMD-S-2/ros2_temp/install/lng_terminal_world/lib/lng_terminal_world/libDroneAnimator.so
[37.114s] -- Symlinking: /home/arjun7n9s/Downloads/AMD-S-2/ros2_temp/install/lng_terminal_world/share/lng_terminal_world/worlds/lng_terminal.sdf
[37.146s] -- Symlinking: /home/arjun7n9s/Downloads/AMD-S-2/ros2_temp/install/lng_terminal_world/share/lng_terminal_world/worlds/lng_terminal.world
[37.178s] -- Symlinking: /home/arjun7n9s/Downloads/AMD-S-2/ros2_temp/install/lng_terminal_world/share/lng_terminal_world/launch/lng_terminal.launch.py
[37.209s] -- Symlinking: /home/arjun7n9s/Downloads/AMD-S-2/ros2_temp/install/lng_terminal_world/share/lng_terminal_world/materials/textures/flame.png
[37.237s] -- Symlinking: /home/arjun7n9s/Downloads/AMD-S-2/ros2_temp/install/lng_terminal_world/share/lng_terminal_world/materials/textures/smoke.png
[37.267s] -- Symlinking: /home/arjun7n9s/Downloads/AMD-S-2/ros2_temp/install/lng_terminal_world/lib/lng_terminal_world/frame_sampler.py
[37.294s] -- Symlinking: /home/arjun7n9s/Downloads/AMD-S-2/ros2_temp/install/lng_terminal_world/share/ament_index/resource_index/package_run_dependencies/lng_terminal_world
[37.322s] -- Symlinking: /home/arjun7n9s/Downloads/AMD-S-2/ros2_temp/install/lng_terminal_world/share/ament_index/resource_index/parent_prefix_path/lng_terminal_world
[37.350s] -- Symlinking: /home/arjun7n9s/Downloads/AMD-S-2/ros2_temp/install/lng_terminal_world/share/lng_terminal_world/environment/ament_prefix_path.sh
[37.376s] -- Symlinking: /home/arjun7n9s/Downloads/AMD-S-2/ros2_temp/install/lng_terminal_world/share/lng_terminal_world/environment/ament_prefix_path.dsv
[37.411s] -- Symlinking: /home/arjun7n9s/Downloads/AMD-S-2/ros2_temp/install/lng_terminal_world/share/lng_terminal_world/environment/path.sh
[37.438s] -- Symlinking: /home/arjun7n9s/Downloads/AMD-S-2/ros2_temp/install/lng_terminal_world/share/lng_terminal_world/environment/path.dsv
[37.466s] -- Symlinking: /home/arjun7n9s/Downloads/AMD-S-2/ros2_temp/install/lng_terminal_world/share/lng_terminal_world/local_setup.bash
[37.494s] -- Symlinking: /home/arjun7n9s/Downloads/AMD-S-2/ros2_temp/install/lng_terminal_world/share/lng_terminal_world/local_setup.sh
[37.525s] -- Symlinking: /home/arjun7n9s/Downloads/AMD-S-2/ros2_temp/install/lng_terminal_world/share/lng_terminal_world/local_setup.zsh
[37.555s] -- Symlinking: /home/arjun7n9s/Downloads/AMD-S-2/ros2_temp/install/lng_terminal_world/share/lng_terminal_world/local_setup.dsv
[37.582s] -- Symlinking: /home/arjun7n9s/Downloads/AMD-S-2/ros2_temp/install/lng_terminal_world/share/lng_terminal_world/package.dsv
[37.610s] -- Symlinking: /home/arjun7n9s/Downloads/AMD-S-2/ros2_temp/install/lng_terminal_world/share/ament_index/resource_index/packages/lng_terminal_world
[37.639s] -- Symlinking: /home/arjun7n9s/Downloads/AMD-S-2/ros2_temp/install/lng_terminal_world/share/lng_terminal_world/cmake/lng_terminal_worldConfig.cmake
[37.670s] -- Symlinking: /home/arjun7n9s/Downloads/AMD-S-2/ros2_temp/install/lng_terminal_world/share/lng_terminal_world/cmake/lng_terminal_worldConfig-version.cmake
[37.700s] -- Symlinking: /home/arjun7n9s/Downloads/AMD-S-2/ros2_temp/install/lng_terminal_world/share/lng_terminal_world/package.xml
[37.735s] Invoked command in '/home/arjun7n9s/Downloads/AMD-S-2/ros2_temp/build/lng_terminal_world' returned '0': CMAKE_PREFIX_PATH=${CMAKE_PREFIX_PATH}:/home/arjun7n9s/hb_ws/install/holo_batallion_ros:/opt/ros/humble /usr/bin/cmake --install /home/arjun7n9s/Downloads/AMD-S-2/ros2_temp/build/lng_terminal_world
