[1.980s] Invoking command in '/home/arjun7n9s/Downloads/AMD-S-2/ros2_temp/build/evidence_bridge': PYTHONPATH=/home/arjun7n9s/Downloads/AMD-S-2/ros2_temp/build/evidence_bridge/prefix_override:/usr/lib/python3/dist-packages/colcon_core/task/python/colcon_distutils_commands:/home/arjun7n9s/Downloads/AMD-S-2/ros2_temp/install/evidence_bridge/lib/python3.10/site-packages:${PYTHONPATH} /usr/bin/python3 -W ignore:setup.py install is deprecated -W ignore:easy_install command is deprecated setup.py develop --editable --build-directory /home/arjun7n9s/Downloads/AMD-S-2/ros2_temp/build/evidence_bridge/build --no-deps symlink_data
[3.595s] running develop
[4.768s] running egg_info
[4.770s] creating evidence_bridge.egg-info
[4.771s] writing evidence_bridge.egg-info/PKG-INFO
[4.772s] writing dependency_links to evidence_bridge.egg-info/dependency_links.txt
[4.772s] writing entry points to evidence_bridge.egg-info/entry_points.txt
[4.773s] writing requirements to evidence_bridge.egg-info/requires.txt
[4.773s] writing top-level names to evidence_bridge.egg-info/top_level.txt
[4.774s] writing manifest file 'evidence_bridge.egg-info/SOURCES.txt'
[4.784s] reading manifest file 'evidence_bridge.egg-info/SOURCES.txt'
[4.788s] writing manifest file 'evidence_bridge.egg-info/SOURCES.txt'
[4.797s] running build_ext
[4.798s] Creating /home/arjun7n9s/Downloads/AMD-S-2/ros2_temp/install/evidence_bridge/lib/python3.10/site-packages/evidence-bridge.egg-link (link to .)
[4.805s] Installing bridge_node script to /home/arjun7n9s/Downloads/AMD-S-2/ros2_temp/install/evidence_bridge/bin
[4.807s] Installing gas_leak_publisher script to /home/arjun7n9s/Downloads/AMD-S-2/ros2_temp/install/evidence_bridge/bin
[4.807s] 
[4.809s] Installed /home/arjun7n9s/Downloads/AMD-S-2/ros2_temp/build/evidence_bridge
[4.809s] running symlink_data
[4.810s] creating /home/arjun7n9s/Downloads/AMD-S-2/ros2_temp/install/evidence_bridge/share/evidence_bridge/launch
[4.811s] symbolically linking /home/arjun7n9s/Downloads/AMD-S-2/ros2_temp/build/evidence_bridge/launch/bridge.launch.py -> /home/arjun7n9s/Downloads/AMD-S-2/ros2_temp/install/evidence_bridge/share/evidence_bridge/launch
[4.977s] Invoked command in '/home/arjun7n9s/Downloads/AMD-S-2/ros2_temp/build/evidence_bridge' returned '0': PYTHONPATH=/home/arjun7n9s/Downloads/AMD-S-2/ros2_temp/build/evidence_bridge/prefix_override:/usr/lib/python3/dist-packages/colcon_core/task/python/colcon_distutils_commands:/home/arjun7n9s/Downloads/AMD-S-2/ros2_temp/install/evidence_bridge/lib/python3.10/site-packages:${PYTHONPATH} /usr/bin/python3 -W ignore:setup.py install is deprecated -W ignore:easy_install command is deprecated setup.py develop --editable --build-directory /home/arjun7n9s/Downloads/AMD-S-2/ros2_temp/build/evidence_bridge/build --no-deps symlink_data
